C51 COMPILER V9.00   1602                                                                  09/01/2015 19:29:56 PAGE 1   


C51 COMPILER V9.00, COMPILATION OF MODULE 1602
OBJECT MODULE PLACED IN ..\Obj\1602.obj
COMPILER INVOKED BY: D:\Keil\C51\BIN\C51.EXE ..\src\1602.c COMPACT BROWSE INCDIR(..\src;..\User) DEBUG OBJECTEXTEND PRIN
                    -T(..\Obj\1602.lst) OBJECT(..\Obj\1602.obj)

line level    source

   1          #include "1602.h"
   2          
   3          void LCD1602_Test(void)
   4          {
   5   1              LCD1602_ShowString(2,2,"Beyonday Studio");
   6   1              //LCD1602_ShowString(1,2,"1602 Test Pass");
   7   1      
   8   1      //      LCD1602_ShowNum(1,1,12345,5);
   9   1      //      LCD1602_ShowNum(1,2,12345,5);
  10   1      
  11   1      }
  12          
  13          void LCD1602_Init(void)
  14          {
  15   1              LCD1602_WriteCom(0x38);//8位数据接口，两行显示，5*7点阵
  16   1              //delay_ms(5);
  17   1              LCD1602_WriteCom(0x0c);//打开显示，关闭光标，光标不闪烁
  18   1              //delay_ms(5);
  19   1              LCD1602_WriteCom(0x06);//读写操作后，光标自动增一，画面不动
  20   1              //delay_ms(5);
  21   1              LCD1602_WriteCom(0x01);//清屏
  22   1              //delay_ms(5);
  23   1              LCD1602_WriteCom(0x80);
  24   1      }
  25          
  26          bit LCD1602_Busy(void)
  27          {                          
  28   1              bit result;
  29   1              LCD1602_RS = 0;
  30   1              LCD1602_RW = 1;//读
  31   1              LCD1602_LCDE = 1;
  32   1              Delay_ms(1);
  33   1              result = (bit)(P0&0x80);
  34   1              LCD1602_LCDE = 0;
  35   1              return result; 
  36   1      }
  37          void LCD1602_WriteCom(uchar com) //写命令
  38          {
  39   1              //while(lcd_busy());
  40   1              LCD1602_RW=0;//写
  41   1              LCD1602_RS=0;//命令
  42   1              LCD1602_DATA=com;
  43   1              Delay_ms(1);
  44   1              LCD1602_LCDE=1;
  45   1              Delay_ms(1);
  46   1              LCD1602_LCDE=0;
  47   1      }
  48          void LCD1602_WriteData(uchar date)        //写数据
  49          {
  50   1              //while(lcd_busy());
  51   1              LCD1602_RW=0;//写
  52   1              LCD1602_RS=1;//数据
  53   1              LCD1602_DATA=date;
  54   1              Delay_ms(1);
C51 COMPILER V9.00   1602                                                                  09/01/2015 19:29:56 PAGE 2   

  55   1              LCD1602_LCDE=1;
  56   1              Delay_ms(1);
  57   1              LCD1602_LCDE=0;
  58   1      }
  59          
  60          
  61          void LCD1602_ShowString(uchar x,uchar y,uchar *ch)//字符显示
  62          {
  63   1              uchar i=0;
  64   1              if(y==1)LCD1602_WriteCom(0x80+x-1);
  65   1      
  66   1              else if(y==2)LCD1602_WriteCom(0x80+0x40+x-1);
  67   1      
  68   1              while(ch[i]!='\0')
  69   1              {
  70   2                      LCD1602_WriteData(ch[i]);
  71   2                      i++;
  72   2              }               
  73   1      }
  74          
  75          
  76          uint MyPow(uint m,uint n)//m^n
  77          {
  78   1              uint result=1;
  79   1              while(n--)
  80   1              result*=m;
  81   1              return result;
  82   1      
  83   1      }
  84          void LCD1602_ShowNum(uchar x,uchar y,uint num,uchar len)
  85          {
  86   1              uchar temp,i;
  87   1              if(y==1)
  88   1              LCD1602_WriteCom(0x80+x-1);
  89   1      
  90   1              else if(y==2)
  91   1               LCD1602_WriteCom(0x80+0x40+x-1);
  92   1      
  93   1              for(i=0;i<len;i++)
  94   1              {
  95   2                      temp=(num/MyPow(10,len-i-1))%10;//获取单个数字
  96   2                      LCD1602_WriteData(0x30+temp);   
  97   2              }       
  98   1      }


MODULE INFORMATION:   STATIC OVERLAYABLE
   CODE SIZE        =    360    ----
   CONSTANT SIZE    =     16    ----
   XDATA SIZE       =   ----    ----
   PDATA SIZE       =   ----      17
   DATA SIZE        =   ----    ----
   IDATA SIZE       =   ----    ----
   BIT SIZE         =   ----       1
END OF MODULE INFORMATION.


C51 COMPILATION COMPLETE.  0 WARNING(S),  0 ERROR(S)
