C51 COMPILER V9.00   KEY                                                                   09/01/2015 19:29:57 PAGE 1   


C51 COMPILER V9.00, COMPILATION OF MODULE KEY
OBJECT MODULE PLACED IN ..\Obj\key.obj
COMPILER INVOKED BY: D:\Keil\C51\BIN\C51.EXE ..\src\key.c COMPACT BROWSE INCDIR(..\src;..\User) DEBUG OBJECTEXTEND PRINT
                    -(..\Obj\key.lst) OBJECT(..\Obj\key.obj)

line level    source

   1          #include "key.h"
   2          
   3          
   4          
   5          
   6          
   7          uchar KeyScan(void)
   8          {
   9   1              if(P0!=0xff)
  10   1              {
  11   2                      Delay_ms(5);
  12   2                      if(KEY1==0)
  13   2                      return 1;
  14   2      
  15   2                      else if(KEY2==0)
  16   2                      return 2;
  17   2      
  18   2              }       
  19   1      
  20   1              return 0;
  21   1      }


MODULE INFORMATION:   STATIC OVERLAYABLE
   CODE SIZE        =     27    ----
   CONSTANT SIZE    =   ----    ----
   XDATA SIZE       =   ----    ----
   PDATA SIZE       =   ----    ----
   DATA SIZE        =   ----    ----
   IDATA SIZE       =   ----    ----
   BIT SIZE         =   ----    ----
END OF MODULE INFORMATION.


C51 COMPILATION COMPLETE.  0 WARNING(S),  0 ERROR(S)
