C51 COMPILER V9.52.0.0   LED_ARRAY                                                         06/19/2015 18:50:27 PAGE 1   


C51 COMPILER V9.52.0.0, COMPILATION OF MODULE LED_ARRAY
OBJECT MODULE PLACED IN ..\Obj\led_Array.obj
COMPILER INVOKED BY: D:\Programs File\Keli\C51\BIN\C51.EXE ..\src\led_Array.c BROWSE INCDIR(..\src;..\User) DEBUG OBJECT
                    -EXTEND PRINT(..\Obj\led_Array.lst) OBJECT(..\Obj\led_Array.obj)

line level    source

   1          #include "led_array.h"
   2          
   3          void LedArrat_test(void)
   4          {
   5   1              uchar i;
   6   1      
   7   1              for(i=0;i<10;)
   8   1              {
   9   2                      LedArray_ShowNum(i);
  10   2                      if(Timer0Count==50)
  11   2                      {
  12   3                              Timer0Count=0;
  13   3                              i++;
  14   3                      }       
  15   2              }
  16   1              
  17   1      }
  18          
  19          void LedArray_ShowNum(uchar num)
  20          {
  21   1              uchar i;
  22   1      
  23   1              for(i=0;i<8;i++)
  24   1              {
  25   2                      LEDARRAY_DATA=ledarray_num[num][i];
  26   2                      LEDARRAY_SCAN(i);
  27   2                              
  28   2                      Delay_ms(1);
  29   2                      LEDARRAY_SCAN(8);
  30   2              }                               
  31   1      }
  32          


MODULE INFORMATION:   STATIC OVERLAYABLE
   CODE SIZE        =     99    ----
   CONSTANT SIZE    =   ----    ----
   XDATA SIZE       =   ----    ----
   PDATA SIZE       =   ----    ----
   DATA SIZE        =   ----       3
   IDATA SIZE       =   ----    ----
   BIT SIZE         =   ----    ----
END OF MODULE INFORMATION.


C51 COMPILATION COMPLETE.  0 WARNING(S),  0 ERROR(S)
