C51 COMPILER V9.00   MAIN                                                                  09/17/2015 09:40:11 PAGE 1   


C51 COMPILER V9.00, COMPILATION OF MODULE MAIN
OBJECT MODULE PLACED IN ..\Obj\main.obj
COMPILER INVOKED BY: D:\Keil\C51\BIN\C51.EXE main.c COMPACT BROWSE INCDIR(..\src;..\User) DEBUG OBJECTEXTEND PRINT(..\Ob
                    -j\main.lst) OBJECT(..\Obj\main.obj)

line level    source

   1          #include "includes.h"
   2          
   3          
   4          void main(void)
   5          {
   6   1              
   7   1              OLED_Init();            //OLED初始化
   8   1              
   9   1              OLED_Test();            //OLED显示“百越创科工作室”
  10   1      
  11   1              while(1)
  12   1              {
  13   2                      
  14   2              }
  15   1      }


MODULE INFORMATION:   STATIC OVERLAYABLE
   CODE SIZE        =      8    ----
   CONSTANT SIZE    =   ----    ----
   XDATA SIZE       =   ----    ----
   PDATA SIZE       =   ----    ----
   DATA SIZE        =   ----    ----
   IDATA SIZE       =   ----    ----
   BIT SIZE         =   ----    ----
END OF MODULE INFORMATION.


C51 COMPILATION COMPLETE.  0 WARNING(S),  0 ERROR(S)
