C51 COMPILER V9.00   MEMBER                                                                09/17/2015 09:40:11 PAGE 1   


C51 COMPILER V9.00, COMPILATION OF MODULE MEMBER
OBJECT MODULE PLACED IN ..\Obj\member.obj
COMPILER INVOKED BY: D:\Keil\C51\BIN\C51.EXE ..\src\member.c COMPACT BROWSE INCDIR(..\src;..\User) DEBUG OBJECTEXTEND PR
                    -INT(..\Obj\member.lst) OBJECT(..\Obj\member.obj)

line level    source

   1          #include "member.h"
   2          
   3          void Delay_ms(uint z)
   4          {
   5   1              uint x,y;
   6   1              for(x=0;x<60;x++)
   7   1                      for(y=z;y>0;y--);
   8   1      }
   9          
  10          uchar Timer0Count=0;
  11          char MPU6050_Data[13];
  12          
  13          
  14          
  15          /**********************************点阵字模****************************************/
  16          
  17          code uchar ledarray_num[][8]=                                      //阳码（0亮）、行列式、顺向取模 DotumChe
  18          {       
  19          
  20                  {0xFF,0xC3,0x99,0xBD,0xBD,0x99,0xC3,0xFF},/*"0",0*/
  21          
  22                  {0xFF,0xF7,0x87,0xF7,0xF7,0xF7,0xF7,0xFF},/*"1",1*/
  23                  
  24                  {0xFF,0xC3,0xBD,0xF9,0xC7,0x9F,0x81,0xFF},/*"2",2*/
  25                  
  26                  {0xFF,0xC3,0xBD,0xE3,0xFD,0xBD,0xC3,0xFF},/*"3",3*/
  27                  
  28                  {0xFF,0xF3,0xCB,0xBB,0x01,0xFB,0xFB,0xFF},/*"4",4*/
  29                  
  30                  {0xFF,0xC1,0xDF,0x83,0xBD,0xBD,0xC3,0xFF},/*"5",5*/
  31                  
  32                  {0xFF,0xC3,0xBD,0x83,0xBD,0xBD,0xC3,0xFF},/*"6",6*/
  33                  
  34                  {0xFF,0x81,0xFB,0xF7,0xEF,0xEF,0xDF,0xFF},/*"7",7*/
  35                  
  36                  {0xFF,0xC3,0xBD,0xC3,0xBD,0xBD,0xC3,0xFF},/*"8",8*/
  37                  
  38                  {0xFF,0xC3,0xBD,0xBD,0xC1,0xF9,0x83,0xFF},/*"9",9*/
  39          
  40          };
  41          
  42          
  43          /*****************************共阴数码管FONT********************************/
  44          
  45          code uchar F_DigC[]={0x3F,0x06,0x5B,0x4F,0x66,0x6D,0x7D,0x07,0x7F,0x6F,0x77,0x7C,0x39,0x5E,0x79,0x71};//0-
             --F
  46          
  47          /*****************************共阳数码管FONT********************************/
  48          
  49          code uchar F_DigA[]={~0x3F,~0x06,~0x5B,~0x4F,~0x66,~0x6D,~0x7D,~0x07,~0x7F,~0x6F,~0x77,~0x7C,~0x39,~0x5E,~
             -0x79,~0x71};//0--F
  50          
  51          /***********************OLED FONT******************************/
  52          
C51 COMPILER V9.00   MEMBER                                                                09/17/2015 09:40:11 PAGE 2   

  53          code uchar f6x8[][6] =                                                                  //6x8点阵字符字模（逆序阳码）
  54          {
  55              { 0x00, 0x00, 0x00, 0x00, 0x00, 0x00 },   // sp
  56              { 0x00, 0x00, 0x00, 0x2f, 0x00, 0x00 },   // !
  57              { 0x00, 0x00, 0x07, 0x00, 0x07, 0x00 },   // "
  58              { 0x00, 0x14, 0x7f, 0x14, 0x7f, 0x14 },   // #
  59              { 0x00, 0x24, 0x2a, 0x7f, 0x2a, 0x12 },   // $
  60              { 0x00, 0x62, 0x64, 0x08, 0x13, 0x23 },   // %
  61              { 0x00, 0x36, 0x49, 0x55, 0x22, 0x50 },   // &
  62              { 0x00, 0x00, 0x05, 0x03, 0x00, 0x00 },   // '
  63              { 0x00, 0x00, 0x1c, 0x22, 0x41, 0x00 },   // (
  64              { 0x00, 0x00, 0x41, 0x22, 0x1c, 0x00 },   // )
  65              { 0x00, 0x14, 0x08, 0x3E, 0x08, 0x14 },   // *
  66              { 0x00, 0x08, 0x08, 0x3E, 0x08, 0x08 },   // +
  67              { 0x00, 0x00, 0x00, 0xA0, 0x60, 0x00 },   // ,
  68              { 0x00, 0x08, 0x08, 0x08, 0x08, 0x08 },   // -
  69              { 0x00, 0x00, 0x60, 0x60, 0x00, 0x00 },   // .
  70              { 0x00, 0x20, 0x10, 0x08, 0x04, 0x02 },   // /
  71              { 0x00, 0x3E, 0x51, 0x49, 0x45, 0x3E },   // 0
  72              { 0x00, 0x00, 0x42, 0x7F, 0x40, 0x00 },   // 1
  73              { 0x00, 0x42, 0x61, 0x51, 0x49, 0x46 },   // 2
  74              { 0x00, 0x21, 0x41, 0x45, 0x4B, 0x31 },   // 3
  75              { 0x00, 0x18, 0x14, 0x12, 0x7F, 0x10 },   // 4
  76              { 0x00, 0x27, 0x45, 0x45, 0x45, 0x39 },   // 5
  77              { 0x00, 0x3C, 0x4A, 0x49, 0x49, 0x30 },   // 6
  78              { 0x00, 0x01, 0x71, 0x09, 0x05, 0x03 },   // 7
  79              { 0x00, 0x36, 0x49, 0x49, 0x49, 0x36 },   // 8
  80              { 0x00, 0x06, 0x49, 0x49, 0x29, 0x1E },   // 9
  81              { 0x00, 0x00, 0x36, 0x36, 0x00, 0x00 },   // :
  82              { 0x00, 0x00, 0x56, 0x36, 0x00, 0x00 },   // ;
  83              { 0x00, 0x08, 0x14, 0x22, 0x41, 0x00 },   // <
  84              { 0x00, 0x14, 0x14, 0x14, 0x14, 0x14 },   // =
  85              { 0x00, 0x00, 0x41, 0x22, 0x14, 0x08 },   // >
  86              { 0x00, 0x02, 0x01, 0x51, 0x09, 0x06 },   // ?
  87              { 0x00, 0x32, 0x49, 0x59, 0x51, 0x3E },   // @
  88              { 0x00, 0x7C, 0x12, 0x11, 0x12, 0x7C },   // A
  89              { 0x00, 0x7F, 0x49, 0x49, 0x49, 0x36 },   // B
  90              { 0x00, 0x3E, 0x41, 0x41, 0x41, 0x22 },   // C
  91              { 0x00, 0x7F, 0x41, 0x41, 0x22, 0x1C },   // D
  92              { 0x00, 0x7F, 0x49, 0x49, 0x49, 0x41 },   // E
  93              { 0x00, 0x7F, 0x09, 0x09, 0x09, 0x01 },   // F
  94              { 0x00, 0x3E, 0x41, 0x49, 0x49, 0x7A },   // G
  95              { 0x00, 0x7F, 0x08, 0x08, 0x08, 0x7F },   // H
  96              { 0x00, 0x00, 0x41, 0x7F, 0x41, 0x00 },   // I
  97              { 0x00, 0x20, 0x40, 0x41, 0x3F, 0x01 },   // J
  98              { 0x00, 0x7F, 0x08, 0x14, 0x22, 0x41 },   // K
  99              { 0x00, 0x7F, 0x40, 0x40, 0x40, 0x40 },   // L
 100              { 0x00, 0x7F, 0x02, 0x0C, 0x02, 0x7F },   // M
 101              { 0x00, 0x7F, 0x04, 0x08, 0x10, 0x7F },   // N
 102              { 0x00, 0x3E, 0x41, 0x41, 0x41, 0x3E },   // O
 103              { 0x00, 0x7F, 0x09, 0x09, 0x09, 0x06 },   // P
 104              { 0x00, 0x3E, 0x41, 0x51, 0x21, 0x5E },   // Q
 105              { 0x00, 0x7F, 0x09, 0x19, 0x29, 0x46 },   // R
 106              { 0x00, 0x46, 0x49, 0x49, 0x49, 0x31 },   // S
 107              { 0x00, 0x01, 0x01, 0x7F, 0x01, 0x01 },   // T
 108              { 0x00, 0x3F, 0x40, 0x40, 0x40, 0x3F },   // U
 109              { 0x00, 0x1F, 0x20, 0x40, 0x20, 0x1F },   // V
 110              { 0x00, 0x3F, 0x40, 0x38, 0x40, 0x3F },   // W
 111              { 0x00, 0x63, 0x14, 0x08, 0x14, 0x63 },   // X
 112              { 0x00, 0x07, 0x08, 0x70, 0x08, 0x07 },   // Y
 113              { 0x00, 0x61, 0x51, 0x49, 0x45, 0x43 },   // Z
 114              { 0x00, 0x00, 0x7F, 0x41, 0x41, 0x00 },   // [
C51 COMPILER V9.00   MEMBER                                                                09/17/2015 09:40:11 PAGE 3   

 115              { 0x00, 0x55, 0x2A, 0x55, 0x2A, 0x55 },   // 55
 116              { 0x00, 0x00, 0x41, 0x41, 0x7F, 0x00 },   // ]
 117              { 0x00, 0x04, 0x02, 0x01, 0x02, 0x04 },   // ^
 118              { 0x00, 0x40, 0x40, 0x40, 0x40, 0x40 },   // _
 119              { 0x00, 0x00, 0x01, 0x02, 0x04, 0x00 },   // '
 120              { 0x00, 0x20, 0x54, 0x54, 0x54, 0x78 },   // a
 121              { 0x00, 0x7F, 0x48, 0x44, 0x44, 0x38 },   // b
 122              { 0x00, 0x38, 0x44, 0x44, 0x44, 0x20 },   // c
 123              { 0x00, 0x38, 0x44, 0x44, 0x48, 0x7F },   // d
 124              { 0x00, 0x38, 0x54, 0x54, 0x54, 0x18 },   // e
 125              { 0x00, 0x08, 0x7E, 0x09, 0x01, 0x02 },   // f
 126              { 0x00, 0x18, 0xA4, 0xA4, 0xA4, 0x7C },   // g
 127              { 0x00, 0x7F, 0x08, 0x04, 0x04, 0x78 },   // h
 128              { 0x00, 0x00, 0x44, 0x7D, 0x40, 0x00 },   // i
 129              { 0x00, 0x40, 0x80, 0x84, 0x7D, 0x00 },   // j
 130              { 0x00, 0x7F, 0x10, 0x28, 0x44, 0x00 },   // k
 131              { 0x00, 0x00, 0x41, 0x7F, 0x40, 0x00 },   // l
 132              { 0x00, 0x7C, 0x04, 0x18, 0x04, 0x78 },   // m
 133              { 0x00, 0x7C, 0x08, 0x04, 0x04, 0x78 },   // n
 134              { 0x00, 0x38, 0x44, 0x44, 0x44, 0x38 },   // o
 135              { 0x00, 0xFC, 0x24, 0x24, 0x24, 0x18 },   // p
 136              { 0x00, 0x18, 0x24, 0x24, 0x18, 0xFC },   // q
 137              { 0x00, 0x7C, 0x08, 0x04, 0x04, 0x08 },   // r
 138              { 0x00, 0x48, 0x54, 0x54, 0x54, 0x20 },   // s
 139              { 0x00, 0x04, 0x3F, 0x44, 0x40, 0x20 },   // t
 140              { 0x00, 0x3C, 0x40, 0x40, 0x20, 0x7C },   // u
 141              { 0x00, 0x1C, 0x20, 0x40, 0x20, 0x1C },   // v
 142              { 0x00, 0x3C, 0x40, 0x30, 0x40, 0x3C },   // w
 143              { 0x00, 0x44, 0x28, 0x10, 0x28, 0x44 },   // x
 144              { 0x00, 0x1C, 0xA0, 0xA0, 0xA0, 0x7C },   // y
 145              { 0x00, 0x44, 0x64, 0x54, 0x4C, 0x44 },   // z
 146              { 0x14, 0x14, 0x14, 0x14, 0x14, 0x14 }    // horiz lines
 147          };
 148          
 149          
 150          code uchar f8x16[]=//8x16点阵字符字模
 151          {
 152            0x00,0x00,0x00,0x00,0x00,0x00,0x00,0x00,0x00,0x00,0x00,0x00,0x00,0x00,0x00,0x00,// 0
 153            0x00,0x00,0x00,0xF8,0x00,0x00,0x00,0x00,0x00,0x00,0x00,0x33,0x30,0x00,0x00,0x00,//!1
 154            0x00,0x10,0x0C,0x06,0x10,0x0C,0x06,0x00,0x00,0x00,0x00,0x00,0x00,0x00,0x00,0x00,//"2
 155            0x40,0xC0,0x78,0x40,0xC0,0x78,0x40,0x00,0x04,0x3F,0x04,0x04,0x3F,0x04,0x04,0x00,//#3
 156            0x00,0x70,0x88,0xFC,0x08,0x30,0x00,0x00,0x00,0x18,0x20,0xFF,0x21,0x1E,0x00,0x00,//$4
 157            0xF0,0x08,0xF0,0x00,0xE0,0x18,0x00,0x00,0x00,0x21,0x1C,0x03,0x1E,0x21,0x1E,0x00,//%5
 158            0x00,0xF0,0x08,0x88,0x70,0x00,0x00,0x00,0x1E,0x21,0x23,0x24,0x19,0x27,0x21,0x10,//&6
 159            0x10,0x16,0x0E,0x00,0x00,0x00,0x00,0x00,0x00,0x00,0x00,0x00,0x00,0x00,0x00,0x00,//'7
 160            0x00,0x00,0x00,0xE0,0x18,0x04,0x02,0x00,0x00,0x00,0x00,0x07,0x18,0x20,0x40,0x00,//(8
 161            0x00,0x02,0x04,0x18,0xE0,0x00,0x00,0x00,0x00,0x40,0x20,0x18,0x07,0x00,0x00,0x00,//)9
 162            0x40,0x40,0x80,0xF0,0x80,0x40,0x40,0x00,0x02,0x02,0x01,0x0F,0x01,0x02,0x02,0x00,//*10
 163            0x00,0x00,0x00,0xF0,0x00,0x00,0x00,0x00,0x01,0x01,0x01,0x1F,0x01,0x01,0x01,0x00,//+11
 164            0x00,0x00,0x00,0x00,0x00,0x00,0x00,0x00,0x80,0xB0,0x70,0x00,0x00,0x00,0x00,0x00,//,12
 165            0x00,0x00,0x00,0x00,0x00,0x00,0x00,0x00,0x00,0x01,0x01,0x01,0x01,0x01,0x01,0x01,//-13
 166            0x00,0x00,0x00,0x00,0x00,0x00,0x00,0x00,0x00,0x30,0x30,0x00,0x00,0x00,0x00,0x00,//.14
 167            0x00,0x00,0x00,0x00,0x80,0x60,0x18,0x04,0x00,0x60,0x18,0x06,0x01,0x00,0x00,0x00,///15
 168            0x00,0xE0,0x10,0x08,0x08,0x10,0xE0,0x00,0x00,0x0F,0x10,0x20,0x20,0x10,0x0F,0x00,//016
 169            0x00,0x10,0x10,0xF8,0x00,0x00,0x00,0x00,0x00,0x20,0x20,0x3F,0x20,0x20,0x00,0x00,//117
 170            0x00,0x70,0x08,0x08,0x08,0x88,0x70,0x00,0x00,0x30,0x28,0x24,0x22,0x21,0x30,0x00,//218
 171            0x00,0x30,0x08,0x88,0x88,0x48,0x30,0x00,0x00,0x18,0x20,0x20,0x20,0x11,0x0E,0x00,//319
 172            0x00,0x00,0xC0,0x20,0x10,0xF8,0x00,0x00,0x00,0x07,0x04,0x24,0x24,0x3F,0x24,0x00,//420
 173            0x00,0xF8,0x08,0x88,0x88,0x08,0x08,0x00,0x00,0x19,0x21,0x20,0x20,0x11,0x0E,0x00,//521
 174            0x00,0xE0,0x10,0x88,0x88,0x18,0x00,0x00,0x00,0x0F,0x11,0x20,0x20,0x11,0x0E,0x00,//622
 175            0x00,0x38,0x08,0x08,0xC8,0x38,0x08,0x00,0x00,0x00,0x00,0x3F,0x00,0x00,0x00,0x00,//723
 176            0x00,0x70,0x88,0x08,0x08,0x88,0x70,0x00,0x00,0x1C,0x22,0x21,0x21,0x22,0x1C,0x00,//824
C51 COMPILER V9.00   MEMBER                                                                09/17/2015 09:40:11 PAGE 4   

 177            0x00,0xE0,0x10,0x08,0x08,0x10,0xE0,0x00,0x00,0x00,0x31,0x22,0x22,0x11,0x0F,0x00,//925
 178            0x00,0x00,0x00,0xC0,0xC0,0x00,0x00,0x00,0x00,0x00,0x00,0x30,0x30,0x00,0x00,0x00,//:26
 179            0x00,0x00,0x00,0x80,0x00,0x00,0x00,0x00,0x00,0x00,0x80,0x60,0x00,0x00,0x00,0x00,//;27
 180            0x00,0x00,0x80,0x40,0x20,0x10,0x08,0x00,0x00,0x01,0x02,0x04,0x08,0x10,0x20,0x00,//<28
 181            0x40,0x40,0x40,0x40,0x40,0x40,0x40,0x00,0x04,0x04,0x04,0x04,0x04,0x04,0x04,0x00,//=29
 182            0x00,0x08,0x10,0x20,0x40,0x80,0x00,0x00,0x00,0x20,0x10,0x08,0x04,0x02,0x01,0x00,//>30
 183            0x00,0x70,0x48,0x08,0x08,0x08,0xF0,0x00,0x00,0x00,0x00,0x30,0x36,0x01,0x00,0x00,//?31
 184            0xC0,0x30,0xC8,0x28,0xE8,0x10,0xE0,0x00,0x07,0x18,0x27,0x24,0x23,0x14,0x0B,0x00,//@32
 185            0x00,0x00,0xC0,0x38,0xE0,0x00,0x00,0x00,0x20,0x3C,0x23,0x02,0x02,0x27,0x38,0x20,//A33
 186            0x08,0xF8,0x88,0x88,0x88,0x70,0x00,0x00,0x20,0x3F,0x20,0x20,0x20,0x11,0x0E,0x00,//B34
 187            0xC0,0x30,0x08,0x08,0x08,0x08,0x38,0x00,0x07,0x18,0x20,0x20,0x20,0x10,0x08,0x00,//C35
 188            0x08,0xF8,0x08,0x08,0x08,0x10,0xE0,0x00,0x20,0x3F,0x20,0x20,0x20,0x10,0x0F,0x00,//D36
 189            0x08,0xF8,0x88,0x88,0xE8,0x08,0x10,0x00,0x20,0x3F,0x20,0x20,0x23,0x20,0x18,0x00,//E37
 190            0x08,0xF8,0x88,0x88,0xE8,0x08,0x10,0x00,0x20,0x3F,0x20,0x00,0x03,0x00,0x00,0x00,//F38
 191            0xC0,0x30,0x08,0x08,0x08,0x38,0x00,0x00,0x07,0x18,0x20,0x20,0x22,0x1E,0x02,0x00,//G39
 192            0x08,0xF8,0x08,0x00,0x00,0x08,0xF8,0x08,0x20,0x3F,0x21,0x01,0x01,0x21,0x3F,0x20,//H40
 193            0x00,0x08,0x08,0xF8,0x08,0x08,0x00,0x00,0x00,0x20,0x20,0x3F,0x20,0x20,0x00,0x00,//I41
 194            0x00,0x00,0x08,0x08,0xF8,0x08,0x08,0x00,0xC0,0x80,0x80,0x80,0x7F,0x00,0x00,0x00,//J42
 195            0x08,0xF8,0x88,0xC0,0x28,0x18,0x08,0x00,0x20,0x3F,0x20,0x01,0x26,0x38,0x20,0x00,//K43
 196            0x08,0xF8,0x08,0x00,0x00,0x00,0x00,0x00,0x20,0x3F,0x20,0x20,0x20,0x20,0x30,0x00,//L44
 197            0x08,0xF8,0xF8,0x00,0xF8,0xF8,0x08,0x00,0x20,0x3F,0x00,0x3F,0x00,0x3F,0x20,0x00,//M45
 198            0x08,0xF8,0x30,0xC0,0x00,0x08,0xF8,0x08,0x20,0x3F,0x20,0x00,0x07,0x18,0x3F,0x00,//N46
 199            0xE0,0x10,0x08,0x08,0x08,0x10,0xE0,0x00,0x0F,0x10,0x20,0x20,0x20,0x10,0x0F,0x00,//O47
 200            0x08,0xF8,0x08,0x08,0x08,0x08,0xF0,0x00,0x20,0x3F,0x21,0x01,0x01,0x01,0x00,0x00,//P48
 201            0xE0,0x10,0x08,0x08,0x08,0x10,0xE0,0x00,0x0F,0x18,0x24,0x24,0x38,0x50,0x4F,0x00,//Q49
 202            0x08,0xF8,0x88,0x88,0x88,0x88,0x70,0x00,0x20,0x3F,0x20,0x00,0x03,0x0C,0x30,0x20,//R50
 203            0x00,0x70,0x88,0x08,0x08,0x08,0x38,0x00,0x00,0x38,0x20,0x21,0x21,0x22,0x1C,0x00,//S51
 204            0x18,0x08,0x08,0xF8,0x08,0x08,0x18,0x00,0x00,0x00,0x20,0x3F,0x20,0x00,0x00,0x00,//T52
 205            0x08,0xF8,0x08,0x00,0x00,0x08,0xF8,0x08,0x00,0x1F,0x20,0x20,0x20,0x20,0x1F,0x00,//U53
 206            0x08,0x78,0x88,0x00,0x00,0xC8,0x38,0x08,0x00,0x00,0x07,0x38,0x0E,0x01,0x00,0x00,//V54
 207            0xF8,0x08,0x00,0xF8,0x00,0x08,0xF8,0x00,0x03,0x3C,0x07,0x00,0x07,0x3C,0x03,0x00,//W55
 208            0x08,0x18,0x68,0x80,0x80,0x68,0x18,0x08,0x20,0x30,0x2C,0x03,0x03,0x2C,0x30,0x20,//X56
 209            0x08,0x38,0xC8,0x00,0xC8,0x38,0x08,0x00,0x00,0x00,0x20,0x3F,0x20,0x00,0x00,0x00,//Y57
 210            0x10,0x08,0x08,0x08,0xC8,0x38,0x08,0x00,0x20,0x38,0x26,0x21,0x20,0x20,0x18,0x00,//Z58
 211            0x00,0x00,0x00,0xFE,0x02,0x02,0x02,0x00,0x00,0x00,0x00,0x7F,0x40,0x40,0x40,0x00,//[59
 212            0x00,0x0C,0x30,0xC0,0x00,0x00,0x00,0x00,0x00,0x00,0x00,0x01,0x06,0x38,0xC0,0x00,//\60
 213            0x00,0x02,0x02,0x02,0xFE,0x00,0x00,0x00,0x00,0x40,0x40,0x40,0x7F,0x00,0x00,0x00,//]61
 214            0x00,0x00,0x04,0x02,0x02,0x02,0x04,0x00,0x00,0x00,0x00,0x00,0x00,0x00,0x00,0x00,//^62
 215            0x00,0x00,0x00,0x00,0x00,0x00,0x00,0x00,0x80,0x80,0x80,0x80,0x80,0x80,0x80,0x80,//_63
 216            0x00,0x02,0x02,0x04,0x00,0x00,0x00,0x00,0x00,0x00,0x00,0x00,0x00,0x00,0x00,0x00,//`64
 217            0x00,0x00,0x80,0x80,0x80,0x80,0x00,0x00,0x00,0x19,0x24,0x22,0x22,0x22,0x3F,0x20,//a65
 218            0x08,0xF8,0x00,0x80,0x80,0x00,0x00,0x00,0x00,0x3F,0x11,0x20,0x20,0x11,0x0E,0x00,//b66
 219            0x00,0x00,0x00,0x80,0x80,0x80,0x00,0x00,0x00,0x0E,0x11,0x20,0x20,0x20,0x11,0x00,//c67
 220            0x00,0x00,0x00,0x80,0x80,0x88,0xF8,0x00,0x00,0x0E,0x11,0x20,0x20,0x10,0x3F,0x20,//d68
 221            0x00,0x00,0x80,0x80,0x80,0x80,0x00,0x00,0x00,0x1F,0x22,0x22,0x22,0x22,0x13,0x00,//e69
 222            0x00,0x80,0x80,0xF0,0x88,0x88,0x88,0x18,0x00,0x20,0x20,0x3F,0x20,0x20,0x00,0x00,//f70
 223            0x00,0x00,0x80,0x80,0x80,0x80,0x80,0x00,0x00,0x6B,0x94,0x94,0x94,0x93,0x60,0x00,//g71
 224            0x08,0xF8,0x00,0x80,0x80,0x80,0x00,0x00,0x20,0x3F,0x21,0x00,0x00,0x20,0x3F,0x20,//h72
 225            0x00,0x80,0x98,0x98,0x00,0x00,0x00,0x00,0x00,0x20,0x20,0x3F,0x20,0x20,0x00,0x00,//i73
 226            0x00,0x00,0x00,0x80,0x98,0x98,0x00,0x00,0x00,0xC0,0x80,0x80,0x80,0x7F,0x00,0x00,//j74
 227            0x08,0xF8,0x00,0x00,0x80,0x80,0x80,0x00,0x20,0x3F,0x24,0x02,0x2D,0x30,0x20,0x00,//k75
 228            0x00,0x08,0x08,0xF8,0x00,0x00,0x00,0x00,0x00,0x20,0x20,0x3F,0x20,0x20,0x00,0x00,//l76
 229            0x80,0x80,0x80,0x80,0x80,0x80,0x80,0x00,0x20,0x3F,0x20,0x00,0x3F,0x20,0x00,0x3F,//m77
 230            0x80,0x80,0x00,0x80,0x80,0x80,0x00,0x00,0x20,0x3F,0x21,0x00,0x00,0x20,0x3F,0x20,//n78
 231            0x00,0x00,0x80,0x80,0x80,0x80,0x00,0x00,0x00,0x1F,0x20,0x20,0x20,0x20,0x1F,0x00,//o79
 232            0x80,0x80,0x00,0x80,0x80,0x00,0x00,0x00,0x80,0xFF,0xA1,0x20,0x20,0x11,0x0E,0x00,//p80
 233            0x00,0x00,0x00,0x80,0x80,0x80,0x80,0x00,0x00,0x0E,0x11,0x20,0x20,0xA0,0xFF,0x80,//q81
 234            0x80,0x80,0x80,0x00,0x80,0x80,0x80,0x00,0x20,0x20,0x3F,0x21,0x20,0x00,0x01,0x00,//r82
 235            0x00,0x00,0x80,0x80,0x80,0x80,0x80,0x00,0x00,0x33,0x24,0x24,0x24,0x24,0x19,0x00,//s83
 236            0x00,0x80,0x80,0xE0,0x80,0x80,0x00,0x00,0x00,0x00,0x00,0x1F,0x20,0x20,0x00,0x00,//t84
 237            0x80,0x80,0x00,0x00,0x00,0x80,0x80,0x00,0x00,0x1F,0x20,0x20,0x20,0x10,0x3F,0x20,//u85
 238            0x80,0x80,0x80,0x00,0x00,0x80,0x80,0x80,0x00,0x01,0x0E,0x30,0x08,0x06,0x01,0x00,//v86
C51 COMPILER V9.00   MEMBER                                                                09/17/2015 09:40:11 PAGE 5   

 239            0x80,0x80,0x00,0x80,0x00,0x80,0x80,0x80,0x0F,0x30,0x0C,0x03,0x0C,0x30,0x0F,0x00,//w87
 240            0x00,0x80,0x80,0x00,0x80,0x80,0x80,0x00,0x00,0x20,0x31,0x2E,0x0E,0x31,0x20,0x00,//x88
 241            0x80,0x80,0x80,0x00,0x00,0x80,0x80,0x80,0x80,0x81,0x8E,0x70,0x18,0x06,0x01,0x00,//y89
 242            0x00,0x80,0x80,0x80,0x80,0x80,0x80,0x00,0x00,0x21,0x30,0x2C,0x22,0x21,0x30,0x00,//z90
 243            0x00,0x00,0x00,0x00,0x80,0x7C,0x02,0x02,0x00,0x00,0x00,0x00,0x00,0x3F,0x40,0x40,//{91
 244            0x00,0x00,0x00,0x00,0xFF,0x00,0x00,0x00,0x00,0x00,0x00,0x00,0xFF,0x00,0x00,0x00,//|92
 245            0x00,0x02,0x02,0x7C,0x80,0x00,0x00,0x00,0x00,0x40,0x40,0x3F,0x00,0x00,0x00,0x00,//}93
 246            0x00,0x06,0x01,0x01,0x02,0x02,0x04,0x04,0x00,0x00,0x00,0x00,0x00,0x00,0x00,0x00//~94
 247          
 248          };
 249          
 250          code uchar logo[896]={
 251          
 252          0x00,0x00,0x00,0x00,0x00,0x00,0x00,0x80,0x80,0x80,0x80,0x80,0x80,0x80,0x80,0x80,0x80,0x80,0x80,0xC0,0xC0,0
             -xC0,0xC0,0xC0,0xC0,0xC0,0xC0,0xC0,0x00,0x00,0x00,0x00,
 253          0x00,0x00,0x00,0x00,0x01,0x01,0x01,0x01,0x01,0xC1,0x81,0x81,0xE1,0x9C,0x8F,0x46,0x40,0x40,0x40,0x60,0xE0,0
             -xC0,0xC0,0x00,0x00,0x00,0x00,0x00,0x00,0x00,0x00,0x00,
 254          0x00,0x00,0x00,0x00,0x00,0x00,0x00,0x00,0x00,0xC7,0xFF,0x08,0x08,0x08,0x08,0x08,0x08,0x88,0x80,0x00,0xFF,0
             -xFF,0x03,0x00,0x00,0x00,0x00,0x00,0x00,0x00,0x00,0x00,
 255          0x00,0x00,0x00,0x00,0x00,0x00,0x00,0x00,0x00,0x03,0x07,0x01,0x01,0x01,0x01,0x01,0x01,0x01,0x01,0x01,0x1F,0
             -x0F,0x00,0x00,0x00,0x00,0x00,0x00,0x00,0x00,0x00,0x00,/*"?",0*/
 256          
 257          0x00,0x00,0x00,0x00,0x00,0x00,0x00,0x00,0x00,0x00,0x30,0xF0,0x60,0x00,0x00,0x00,0x00,0x00,0x00,0x08,0x70,0
             -xF0,0x00,0x00,0x40,0xC0,0x80,0x80,0x00,0x00,0x00,0x00,
 258          0x00,0x00,0x00,0x80,0x80,0x80,0x80,0x80,0xC0,0x4C,0xCC,0xFF,0x66,0x26,0x22,0x20,0x00,0x60,0xE0,0x20,0x20,0
             -x3F,0xF8,0x90,0x18,0x00,0xE1,0xC1,0x00,0x00,0x00,0x00,
 259          0x00,0x00,0x01,0x81,0xC1,0x70,0x3E,0x1C,0x20,0x40,0x7F,0xFF,0x84,0x04,0x04,0x00,0x00,0x38,0x1F,0x48,0x48,0
             -x20,0x10,0x0F,0x1E,0x33,0x61,0xC0,0xF0,0x80,0x00,0x00,
 260          0x00,0x02,0x02,0x01,0x00,0x00,0x00,0x00,0x00,0x00,0x00,0x00,0x00,0x01,0x03,0x03,0x06,0x06,0x0C,0x1C,0x1C,0
             -x38,0x38,0x38,0x38,0x30,0x10,0x10,0x10,0x11,0x10,0x00,/*"?",1*/
 261          
 262          0x00,0x00,0x00,0x00,0x00,0x00,0x00,0x00,0x00,0x00,0xF0,0xF0,0x60,0x00,0x00,0x00,0x00,0x00,0x00,0x00,0x00,0
             -x00,0x00,0x00,0x18,0xF0,0xF0,0x20,0x00,0x00,0x00,0x00,
 263          0x00,0x00,0x00,0x00,0x00,0x80,0xC0,0xF0,0x98,0x0E,0x87,0x81,0x83,0xC6,0x86,0x8C,0x1C,0x00,0x00,0x00,0xFC,0
             -xFC,0x00,0x00,0x00,0x3F,0xFF,0x00,0x00,0x00,0x00,0x00,
 264          0x00,0x00,0x04,0x02,0x01,0x01,0x00,0x01,0xFF,0x01,0x00,0x10,0x70,0x7F,0x1F,0x01,0x80,0x00,0x00,0x00,0x1F,0
             -x3F,0x00,0x00,0x00,0x00,0xFF,0x00,0x00,0x00,0x00,0x00,
 265          0x00,0x00,0x00,0x00,0x00,0x00,0x00,0x00,0x07,0x0E,0x0C,0x0C,0x0C,0x0C,0x0C,0x0C,0x0F,0x06,0x00,0x00,0x00,0
             -x00,0x02,0x0C,0x3C,0x3F,0x1F,0x00,0x00,0x00,0x00,0x00,/*"?",2*/
 266          
 267          0x00,0x00,0x00,0x00,0x00,0x00,0x00,0x00,0x00,0x80,0xC0,0x40,0x70,0x30,0x20,0x00,0x00,0x00,0x00,0x00,0x00,0
             -x08,0xF8,0xF8,0x10,0x00,0x00,0x00,0x00,0x00,0x00,0x00,
 268          0x00,0x00,0x40,0xC0,0xC0,0x40,0x62,0x62,0x21,0xE1,0xFF,0x16,0x10,0x18,0x18,0x00,0x00,0x20,0x63,0x63,0x06,0
             -x00,0xFF,0xFF,0x00,0x00,0x00,0x00,0x80,0x80,0x00,0x00,
 269          0x00,0x00,0x80,0x40,0x20,0x10,0x08,0x06,0x03,0x01,0xFF,0x01,0x03,0x02,0x04,0x04,0x04,0x04,0x04,0x06,0x02,0
             -x02,0xFF,0xFF,0x03,0x01,0x01,0x01,0x01,0x01,0x01,0x00,
 270          0x00,0x00,0x00,0x00,0x00,0x00,0x00,0x00,0x00,0x06,0x1F,0x00,0x00,0x00,0x00,0x00,0x00,0x00,0x00,0x00,0x00,0
             -x00,0x07,0x3F,0x00,0x00,0x00,0x00,0x00,0x00,0x00,0x00,/*"?",3*/
 271          
 272          0x00,0x00,0x00,0x00,0x00,0x00,0x00,0x00,0x00,0x00,0x00,0x00,0x00,0x00,0x00,0x00,0x00,0x00,0x80,0x80,0x80,0
             -x80,0x80,0x80,0x00,0x00,0x00,0x00,0x00,0x00,0x00,0x00,
 273          0x00,0x00,0x00,0x00,0x00,0x00,0x00,0x00,0x02,0x02,0x02,0x02,0x02,0x03,0x03,0xFF,0xFF,0x01,0x01,0x01,0x01,0
             -x01,0x01,0x01,0x00,0x00,0x00,0x00,0x00,0x00,0x00,0x00,
 274          0x00,0x00,0x00,0x00,0x00,0x00,0x00,0x00,0x00,0x00,0x00,0x00,0x00,0x80,0x80,0xFF,0xFF,0x80,0x80,0x80,0x80,0
             -x80,0x80,0x80,0xC0,0xC0,0xC0,0xC0,0x80,0x80,0x00,0x00,
 275          0x00,0x00,0x01,0x03,0x03,0x03,0x03,0x03,0x03,0x03,0x01,0x01,0x01,0x01,0x01,0x01,0x01,0x01,0x01,0x01,0x00,0
             -x00,0x00,0x00,0x00,0x00,0x00,0x00,0x00,0x00,0x00,0x00,/*"?",4*/
 276          
 277          0x00,0x00,0x00,0x00,0x00,0x00,0x00,0x00,0x00,0x80,0xF0,0xE0,0x60,0x00,0x00,0x00,0x00,0x80,0xF0,0x7C,0x18,0
             -x00,0x00,0x00,0x00,0x00,0x00,0x00,0x00,0x00,0x00,0x00,
 278          0x00,0x00,0x00,0x00,0x80,0xC0,0x60,0x38,0x1E,0xF7,0x01,0x00,0x80,0xC0,0x70,0x18,0x0E,0x0F,0x09,0xF8,0xE8,0
             -x0C,0x0C,0x04,0x86,0x86,0x86,0x06,0x02,0x00,0x00,0x00,
C51 COMPILER V9.00   MEMBER                                                                09/17/2015 09:40:11 PAGE 6   

 279          0x00,0x04,0x02,0x03,0x01,0x00,0x00,0x00,0x80,0xFF,0x00,0x01,0x00,0x00,0x00,0x00,0x00,0x00,0x00,0xFF,0xFF,0
             -x41,0x61,0x61,0x61,0x61,0x21,0x20,0x00,0x00,0x00,0x00,
 280          0x00,0x00,0x00,0x00,0x00,0x00,0x00,0x00,0x07,0x0F,0x00,0x00,0x00,0x00,0x00,0x00,0x00,0x00,0x00,0x7F,0x1F,0
             -x00,0x00,0x00,0x00,0x00,0x00,0x00,0x00,0x00,0x00,0x00,/*"?",5*/
 281          
 282          0x00,0x00,0x00,0x00,0x00,0x00,0x00,0x80,0x00,0x00,0x00,0x00,0x00,0x00,0x18,0x38,0x70,0x00,0x80,0x80,0x80,0
             -x80,0x80,0x80,0xC0,0x80,0x80,0x00,0x00,0x00,0x00,0x00,
 283          0x00,0x00,0x00,0x00,0x10,0x1C,0x0F,0x03,0x01,0x01,0x11,0x11,0x11,0xD1,0xF1,0x59,0x19,0x19,0x98,0x08,0x08,0
             -x00,0x00,0x04,0x07,0x03,0x03,0x03,0x00,0x00,0x00,0x00,
 284          0x00,0x00,0x00,0x00,0x00,0x00,0x00,0x00,0x00,0x8C,0x8C,0x8E,0x8F,0xC5,0xFC,0xFC,0xC4,0x44,0x45,0x43,0x4F,0
             -x0C,0x00,0x00,0x00,0x00,0x00,0x00,0x00,0x00,0x00,0x00,
 285          0x00,0x00,0x00,0x00,0x10,0x10,0x30,0x10,0x10,0x10,0x10,0x18,0x18,0x18,0x1F,0x1F,0x08,0x08,0x08,0x08,0x08,0
             -x0C,0x0C,0x0C,0x0C,0x0C,0x08,0x00,0x00,0x00,0x00,0x00,/*"?",6*/
 286          };


MODULE INFORMATION:   STATIC OVERLAYABLE
   CODE SIZE        =     35    ----
   CONSTANT SIZE    =   3080    ----
   XDATA SIZE       =   ----    ----
   PDATA SIZE       =     14    ----
   DATA SIZE        =   ----    ----
   IDATA SIZE       =   ----    ----
   BIT SIZE         =   ----    ----
END OF MODULE INFORMATION.


C51 COMPILATION COMPLETE.  0 WARNING(S),  0 ERROR(S)
