C51 COMPILER V9.00   DS1302                                                                02/18/2016 21:00:25 PAGE 1   


C51 COMPILER V9.00, COMPILATION OF MODULE DS1302
OBJECT MODULE PLACED IN DS1302.OBJ
COMPILER INVOKED BY: D:\Keil\C51\BIN\C51.EXE DS1302.c BROWSE DEBUG OBJECTEXTEND TABS(2)

line level    source

   1          /************************************************************
   2              主题：基于DS1302的日历时钟（万年历）
   3              时间：2011.12.20
   4          ************************************************************/
   5          #include "DS1302.h"  //包含DS1302头文件
   6          
   7          uchar code num[10]={"0123456789"};   //液晶字符数组显示数字
   8          
   9          sbit DATA=P3^5;   //位定义1302芯片的接口，数据输出端定义在P1.1引脚
  10          sbit RST=P3^6;    //位定义1302芯片的接口，复位端口定义在P1.1引脚
  11          sbit SCLK=P3^4;   //位定义1302芯片的接口，时钟输出端口定义在P1.1引脚
  12          
  13          //延时
  14          void delaynus(uchar n)
  15          {
  16   1        uchar i;
  17   1        for(i=0;i<n;i++);       
  18   1      }
  19          
  20          //显示写1302
  21          void Write1302(uchar dat)
  22          {
  23   1        uchar i; 
  24   1        SCLK=0;                
  25   1        delaynus(2);           
  26   1        for(i=0;i<8;i++)       
  27   1        {
  28   2            DATA=dat&0x01;   
  29   2          delaynus(2);     
  30   2           SCLK=1;         
  31   2           delaynus(2);    
  32   2           SCLK=0;         
  33   2           dat>>=1;        
  34   2        }
  35   1       }
  36          //写命令
  37          void WriteSet1302(uchar Cmd,uchar dat)
  38           {
  39   1        RST=0;          
  40   1        SCLK=0;         
  41   1        RST=1;         
  42   1        delaynus(2);   
  43   1        Write1302(Cmd);
  44   1        Write1302(dat);
  45   1        SCLK=1;        
  46   1        RST=0;         
  47   1       }
  48          
  49          //读1302
  50           uchar Read1302(void)
  51           {
  52   1        uchar i,dat;
  53   1        delaynus(2);      
  54   1        for(i=0;i<8;i++)  
  55   1        {
C51 COMPILER V9.00   DS1302                                                                02/18/2016 21:00:25 PAGE 2   

  56   2          dat>>=1;       
  57   2          if(DATA==1)   
  58   2          dat|=0x80;   
  59   2          SCLK=1;      
  60   2          delaynus(2); 
  61   2          SCLK=0;      
  62   2          delaynus(2); 
  63   2        }
  64   1        DATA = 0;  
  65   1        return dat;        //将读出的数据返回
  66   1      }  
  67          
  68          //复位1302
  69          uchar  ReadSet1302(uchar Cmd)
  70           {
  71   1        uchar dat;
  72   1        RST=0;               
  73   1        SCLK=0;              
  74   1        RST=1;               
  75   1        Write1302(Cmd);      
  76   1        dat=Read1302();      
  77   1        SCLK=1;              
  78   1        RST=0;               
  79   1        return dat;          
  80   1      }
  81          
  82          //初始化1302
  83          void Init_DS1302(void)
  84          { 
  85   1        WriteSet1302(0x8E,0x00);                 //根据写状态寄存器命令字，写入不保护指令 
  86   1        WriteSet1302(0x80,((0/10)<<4|(0%10)));   //根据写秒寄存器命令字，写入秒的初始值
  87   1        WriteSet1302(0x82,((20/10)<<4|(20%10)));   //根据写分寄存器命令字，写入分的初始值
  88   1        WriteSet1302(0x84,((17/10)<<4|(17%10))); //根据写小时寄存器命令字，写入小时的初始值
  89   1        WriteSet1302(0x86,((30/10)<<4|(30%10))); //根据写日寄存器命令字，写入日的初始值
  90   1        WriteSet1302(0x88,((8/10)<<4|(8%10))); //根据写月寄存器命令字，写入月的初始值
  91   1        WriteSet1302(0x8c,((39/10)<<4|(39%10)));   //根据写小时寄存器命令字，写入小时的初始值
  92   1      
  93   1      
  94   1      
  95   1      //  WriteSet1302(0x8E,0x00);                 //根据写状态寄存器命令字，写入不保护指令 
  96   1      //  WriteSet1302(0x80,((0/10)<<4|(0%10)));   //根据写秒寄存器命令字，写入秒的初始值
  97   1      //  WriteSet1302(0x82,((53/10)<<4|(53%10)));   //根据写分寄存器命令字，写入分的初始值
  98   1      //  WriteSet1302(0x84,((20/10)<<4|(12%10))); //根据写小时寄存器命令字，写入小时的初始值
  99   1      //  WriteSet1302(0x86,((26/10)<<4|(22%10))); //根据写日寄存器命令字，写入日的初始值
 100   1      //  WriteSet1302(0x88,((1/10)<<4|(1%10))); //根据写月寄存器命令字，写入月的初始值
 101   1      //  WriteSet1302(0x8c,((13/10)<<4|(13%10)));   //根据写小时寄存器命令字，写入小时的初始值
 102   1      
 103   1      }


MODULE INFORMATION:   STATIC OVERLAYABLE
   CODE SIZE        =    181    ----
   CONSTANT SIZE    =     10    ----
   XDATA SIZE       =   ----    ----
   PDATA SIZE       =   ----    ----
   DATA SIZE        =   ----    ----
   IDATA SIZE       =   ----    ----
   BIT SIZE         =   ----    ----
END OF MODULE INFORMATION.


C51 COMPILATION COMPLETE.  0 WARNING(S),  0 ERROR(S)
