C51 COMPILER V9.00   IN0                                                                   08/13/2015 23:29:37 PAGE 1   


C51 COMPILER V9.00, COMPILATION OF MODULE IN0
OBJECT MODULE PLACED IN IN0.OBJ
COMPILER INVOKED BY: D:\Keil\C51\BIN\C51.EXE IN0.c BROWSE DEBUG OBJECTEXTEND

line level    source

   1          
   2          
   3          #include < reg52.h >
   4          #include <intrins.h>
   5          
   6          void delay(unsigned int i)
   7          {
   8   1          char j;
   9   1          for(i; i > 0; i--)
  10   1              for(j = 200; j > 0; j--);
  11   1      }
  12          
  13          void main(void)
  14          {  
  15   1      
  16   1      // IT0=0;       //低电平触发
  17   1         IT0=1;       //下降沿触发
  18   1         EX0=1;
  19   1      
  20   1      
  21   1         EA=1;
  22   1      
  23   1      
  24   1         while(1)
  25   1         {    
  26   2      
  27   2         }
  28   1      
  29   1      }
  30          
  31          
  32          
  33          /********************************************************
  34          * INT0中断函数                                          *
  35          ********************************************************/
  36          void  counter0(void) interrupt 0
  37          {
  38   1        
  39   1         EX0=0;
  40   1         delay(100);
  41   1         P0 = 0x00;
  42   1         EX0=1;
  43   1      }
  44          
  45          


MODULE INFORMATION:   STATIC OVERLAYABLE
   CODE SIZE        =     76    ----
   CONSTANT SIZE    =   ----    ----
   XDATA SIZE       =   ----    ----
   PDATA SIZE       =   ----    ----
   DATA SIZE        =   ----    ----
   IDATA SIZE       =   ----    ----
   BIT SIZE         =   ----    ----
C51 COMPILER V9.00   IN0                                                                   08/13/2015 23:29:37 PAGE 2   

END OF MODULE INFORMATION.


C51 COMPILATION COMPLETE.  0 WARNING(S),  0 ERROR(S)
