C51 COMPILER V9.01   MAIN                                                                  07/12/2015 22:27:05 PAGE 1   


C51 COMPILER V9.01, COMPILATION OF MODULE MAIN
OBJECT MODULE PLACED IN Main.OBJ
COMPILER INVOKED BY: D:\Keil\C51\BIN\C51.EXE Main.c BROWSE DEBUG OBJECTEXTEND

line level    source

   1          /************************************************************
   2                          1602显示
   3          ************************************************************/
   4          
   5          #include <reg52.h>
   6          #include "1602.h"    //包含LCD1602头文件
   7          
   8          uchar temp[] = "LCD1602 TEST";  
   9          uchar temp1[] = "By Beyonday";
  10          
  11          //主函数
  12          void main(void)
  13          {
  14   1      
  15   1      
  16   1              LcdInitiate();       //将液晶初始化
  17   1              WriteAddress(0x00);
  18   1              WriteData(' ');
  19   1              WriteAddress(0x02);  //写开始的显示地址,将在第1行第2列开始显示
  20   1              WriteString(temp) ;
  21   1              WriteAddress(0x45);  //写temp1的显示地址， 显示在第2行第6列
  22   1              WriteString(temp1) ;
  23   1      
  24   1              
  25   1              while(1)                 //死循环
  26   1              {
  27   2                      
  28   2      
  29   2              }
  30   1      }
  31          
  32          


MODULE INFORMATION:   STATIC OVERLAYABLE
   CODE SIZE        =     43    ----
   CONSTANT SIZE    =   ----    ----
   XDATA SIZE       =   ----    ----
   PDATA SIZE       =   ----    ----
   DATA SIZE        =     25    ----
   IDATA SIZE       =   ----    ----
   BIT SIZE         =   ----    ----
END OF MODULE INFORMATION.


C51 COMPILATION COMPLETE.  0 WARNING(S),  0 ERROR(S)
