C51 COMPILER V9.01   PWM                                                                   07/12/2015 20:09:51 PAGE 1   


C51 COMPILER V9.01, COMPILATION OF MODULE PWM
OBJECT MODULE PLACED IN PWM.OBJ
COMPILER INVOKED BY: D:\Keil\C51\BIN\C51.EXE PWM.c BROWSE DEBUG OBJECTEXTEND

line level    source

   1          /**************************************************
   2          
   3                          使用定时器中断0，来实现LED的闪烁效果
   4          
   5          ***************************************************/
   6          
   7          #include <reg52.h>
   8          
   9          sbit PWM = P1^2;
  10          unsigned char Count;
  11          
  12          /*************************************************
  13          
  14                                  定时器0初始化函数
  15          
  16          **************************************************/
  17          void Timer0_Init()
  18          {
  19   1              TMOD = 0x01;                       // 设置定时器0的工作方式
  20   1              TH0 = (65536 - 5000)/256;  // 对寄存器装入初值，高八位
  21   1              TL0 = (65536 - 5000)%256;  // 低八位
  22   1              ET0 = 1;                                   // 开启定时器0中断
  23   1              TR0 = 1;                                   // 启动定时器0
  24   1              EA = 1;                                    // 开总中断
  25   1      }
  26          
  27          
  28          
  29          /**************************************************
  30          
  31                                          主函数
  32          
  33          ***************************************************/
  34          
  35          void main()
  36          {
  37   1              Timer0_Init();     // 初始化定时器
  38   1              while(1)                   // 等待中断的发生
  39   1              {
  40   2                      if(Count <= 30)
  41   2                      {
  42   3                              PWM = 0;
  43   3                      }
  44   2                      else
  45   2                      {
  46   3                              PWM = 1;
  47   3                      }
  48   2                      if(Count >= 100)
  49   2                      {
  50   3      
  51   3                              Count = 0;
  52   3                      }
  53   2              
  54   2              }
  55   1      }
C51 COMPILER V9.01   PWM                                                                   07/12/2015 20:09:51 PAGE 2   

  56          
  57          
  58          /**************************************************
  59          
  60                                     定时器0中断服务程序
  61          
  62          ***************************************************/
  63          
  64          void Timer0() interrupt 1
  65          {
  66   1              TH0 = (65536 - 100)/256;  // 对寄存器装入初值，高八位
  67   1              TL0 = (65536 - 100)%256;  // 低八位
  68   1      
  69   1              Count++;
  70   1      
  71   1      }
  72          
  73          
  74          
  75          
  76          


MODULE INFORMATION:   STATIC OVERLAYABLE
   CODE SIZE        =     53    ----
   CONSTANT SIZE    =   ----    ----
   XDATA SIZE       =   ----    ----
   PDATA SIZE       =   ----    ----
   DATA SIZE        =      1    ----
   IDATA SIZE       =   ----    ----
   BIT SIZE         =   ----    ----
END OF MODULE INFORMATION.


C51 COMPILATION COMPLETE.  0 WARNING(S),  0 ERROR(S)
