C51 COMPILER V9.00   LED                                                                   09/11/2015 12:33:25 PAGE 1   


C51 COMPILER V9.00, COMPILATION OF MODULE LED
OBJECT MODULE PLACED IN LED.OBJ
COMPILER INVOKED BY: D:\Keil\C51\BIN\C51.EXE LED.c BROWSE DEBUG OBJECTEXTEND

line level    source

   1          /********************************************************
   2          
   3                                                  点阵实验
   4                                          
   5                                          LED点阵显示数字                                         
   6                  连接方法：P1口排针与8位数码管左边排针U11_JP1相连接
   7                                    P0口排针与点阵右边排针LAH_R用排线相连接
   8          
   9          ********************************************************/
  10          
  11          
  12          #include<reg52.h>
  13          
  14          unsigned char code tab[]={0xfe,0xfd,0xfb,0xf7,0xef,0xdf,0xbf,0x7f};
  15          
  16          /************************* 数字 0-9 取模 *************************/
  17          unsigned char code digittab[18][8]={
  18          
  19          {0x00,0x00,0x3e,0x41,0x41,0x41,0x3e,0x00}, //0    0011 1110  0100 0001
  20          
  21          {0x00,0x00,0x00,0x00,0x21,0x7f,0x01,0x00}, //1
  22          
  23          {0x00,0x00,0x27,0x45,0x45,0x45,0x39,0x00}, //2
  24          
  25          {0x00,0x00,0x22,0x49,0x49,0x49,0x36,0x00}, //3
  26          
  27          {0x00,0x00,0x0c,0x14,0x24,0x7f,0x04,0x00}, //4
  28          
  29          {0x00,0x00,0x72,0x51,0x51,0x51,0x4e,0x00}, //5
  30          
  31          {0x00,0x00,0x3e,0x49,0x49,0x49,0x26,0x00}, //6
  32          
  33          {0x00,0x00,0x40,0x40,0x40,0x4f,0x70,0x00}, //7
  34          
  35          {0x00,0x00,0x36,0x49,0x49,0x49,0x36,0x00}, //8
  36          
  37          {0x00,0x00,0x32,0x49,0x49,0x49,0x3e,0x00}, //9
  38          
  39          };
  40          
  41          unsigned int timecount1 , timecount2;
  42          
  43          unsigned char cntx , cnty ;
  44          
  45          
  46          /**************************************************
  47          
  48                                          主函数
  49          
  50          ***************************************************/
  51          void main(void)
  52          {
  53   1              cnty = 0;
  54   1        
  55   1              while(1)
C51 COMPILER V9.00   LED                                                                   09/11/2015 12:33:25 PAGE 2   

  56   1              {
  57   2      //              P0 = 0x00;                      
  58   2                      P1 = tab[cntx];  // 列线
  59   2                      P0 = digittab[cnty][cntx];   // 行线
  60   2      
  61   2               //用于控制动态扫描的速度
  62   2                if(++timecount1 >= 50)
  63   2                {
  64   3                      timecount1 = 0;
  65   3                      if(++cntx >= 8) 
  66   3                      {
  67   4                              cntx=0;
  68   4                      }
  69   3                      P0 = 0x00;
  70   3                }
  71   2      
  72   2               
  73   2               //用于控制动字符间的切换速度
  74   2                if(++timecount2 >= 20000)
  75   2                {
  76   3                      timecount2 = 0;
  77   3                      if(++cnty > 9)
  78   3                      {
  79   4                              cnty = 0;
  80   4                      }
  81   3                }
  82   2      
  83   2              }
  84   1      
  85   1      }
  86          
  87          
  88          


MODULE INFORMATION:   STATIC OVERLAYABLE
   CODE SIZE        =    113    ----
   CONSTANT SIZE    =    152    ----
   XDATA SIZE       =   ----    ----
   PDATA SIZE       =   ----    ----
   DATA SIZE        =      6    ----
   IDATA SIZE       =   ----    ----
   BIT SIZE         =   ----    ----
END OF MODULE INFORMATION.


C51 COMPILATION COMPLETE.  0 WARNING(S),  0 ERROR(S)
