C51 COMPILER V9.00   DIGITAL_TUBE                                                          09/11/2015 18:31:15 PAGE 1   


C51 COMPILER V9.00, COMPILATION OF MODULE DIGITAL_TUBE
OBJECT MODULE PLACED IN Digital_Tube.OBJ
COMPILER INVOKED BY: D:\Keil\C51\BIN\C51.EXE Digital_Tube.c BROWSE DEBUG OBJECTEXTEND

line level    source

   1          /********************************************************
   2          
   3                                                  动态数码管实验
   4                                                          
   5                  连接方法：P1口排针和8位数码管左侧排针用排线连接起来
   6                          
   7          
   8          ********************************************************/
   9          
  10          #include <reg52.h>
  11          
  12          #define uchar unsigned char
  13          
  14          sbit HC138A = P2^2;                     //定义译码器输入端A  在 P2.2 管脚上
  15          sbit HC138B = P2^3;                     //定义译码器输入端B  在 P2.3 管脚上
  16          sbit HC138C = P2^4;                     //定义译码器输入端C  在 P2.4 管脚上                     
  17          
  18          uchar code table[] = {0x3F, 0x06, 0x5B, 0x4F, 0x66, 0x6D, 0x7D, 0x07, 0x7F, 0x6F, 0x77, 0x7C, 0x39, 0x5E, 
             -0x79, 0x71};
  19          
  20          //uchar code dispbit[]={0xfe, 0xfd, 0xfb, 0xf7, 0xef, 0xdF, 0xbF, 0x7F};    //位选控制   查表的方法控制
  21          
  22          
  23          
  24          /*****************   延时函数  ********************/
  25          void delay_nms(int n)
  26          {
  27   1              int i, j;
  28   1              for(i = 0; i < n; i++)
  29   1              {
  30   2                      for(j = 0; j < 110; j++) ;
  31   2              }
  32   1      }
  33          
  34          
  35          /*****************   主函数  ********************/
  36          void main()
  37          {
  38   1      //      int Bit = 0;   //控制位选
  39   1              while(1)
  40   1              {
  41   2                      HC138C = 0; HC138B = 0; HC138A = 0;             //选中数码管第一位
  42   2                      P1 = table[0];                                                  //显示数字0
  43   2                      delay_nms(1);                                                   //延时
  44   2                      P1 = 0x00;                                                              //消影
  45   2      
  46   2                      HC138C = 0; HC138B = 0; HC138A = 1;     //选中数码管第二位
  47   2                      P1 = table[1];                                                  //显示数字1
  48   2                      delay_nms(1);                                                   //延时
  49   2                      P1 = 0x00;                                                              //消影
  50   2      
  51   2                      HC138C = 0; HC138B = 1; HC138A = 0;     //选中数码管第三位
  52   2                      P1 = table[2];                                                  //显示数字2
  53   2                      delay_nms(1);                                                   //延时
  54   2                      P1 = 0x00;                                                              //消影
C51 COMPILER V9.00   DIGITAL_TUBE                                                          09/11/2015 18:31:15 PAGE 2   

  55   2      
  56   2                      HC138C = 0; HC138B = 1; HC138A = 1;     //选中数码管第四位
  57   2                      P1 = table[3];                                                  //显示数字3
  58   2                      delay_nms(1);                                                   //延时
  59   2                      P1 = 0x00;                                                              //消影
  60   2      
  61   2                      HC138C = 1; HC138B = 0; HC138A = 0;     //选中数码管第五位
  62   2                      P1 = table[4];                                                  //显示数字4
  63   2                      delay_nms(1);                                                   //延时
  64   2                      P1 = 0x00;                                                              //消影
  65   2      
  66   2                      HC138C = 1; HC138B = 0; HC138A = 1;     //选中数码管第六位
  67   2                      P1 = table[5];                                                  //显示数字5
  68   2                      delay_nms(1);                                                   //延时
  69   2                      P1 = 0x00;                                                              //消影
  70   2      
  71   2                      HC138C = 1; HC138B = 1; HC138A = 0;     //选中数码管第七位
  72   2                      P1 = table[6];                                                  //显示数字6
  73   2                      delay_nms(1);                                                   //延时
  74   2                      P1 = 0x00;                                                              //消影
  75   2      
  76   2                      HC138C = 1; HC138B = 1; HC138A = 1;     //选中数码管第八位
  77   2                      P1 = table[7];                                                  //显示数字7
  78   2                      delay_nms(1);                                                   //延时
  79   2                      P1 = 0x00;                                                              //消影
  80   2              }
  81   1      }
  82          


MODULE INFORMATION:   STATIC OVERLAYABLE
   CODE SIZE        =    144    ----
   CONSTANT SIZE    =     16    ----
   XDATA SIZE       =   ----    ----
   PDATA SIZE       =   ----    ----
   DATA SIZE        =   ----    ----
   IDATA SIZE       =   ----    ----
   BIT SIZE         =   ----    ----
END OF MODULE INFORMATION.


C51 COMPILATION COMPLETE.  0 WARNING(S),  0 ERROR(S)
