C51 COMPILER V9.01   74HC138                                                               07/11/2015 13:00:18 PAGE 1   


C51 COMPILER V9.01, COMPILATION OF MODULE 74HC138
OBJECT MODULE PLACED IN 74HC138.OBJ
COMPILER INVOKED BY: D:\Keil\C51\BIN\C51.EXE 74HC138.c BROWSE DEBUG OBJECTEXTEND

line level    source

   1          
   2          
   3          
   4          
   5          #include <reg52.h>
   6          
   7          sbit HC138A = P2^2;                     //定义译码器输入端A  在 P2.2 管脚上
   8          sbit HC138B = P2^3;                     //定义译码器输入端B  在 P2.3 管脚上
   9          sbit HC138C = P2^4;                     //定义译码器输入端C  在 P2.4 管脚上                     
  10          
  11          
  12          
  13          /***********************************************************
  14          
  15                                                          延时函数
  16          
  17          ************************************************************/
  18          void delay()
  19          {
  20   1              int i, j;
  21   1              for(i = 0; i < 100; i++)
  22   1              {
  23   2                      for(j = 0;j < 110; j++) ;
  24   2              }
  25   1      } 
  26          
  27          
  28          void main()
  29          {
  30   1              while(1)
  31   1              {
  32   2                      HC138C = 0; HC138B = 0; HC138A = 0;
  33   2                      delay();
  34   2                      HC138C = 0; HC138B = 0; HC138A = 1;
  35   2                      delay();
  36   2                      HC138C = 0; HC138B = 1; HC138A = 0;
  37   2                      delay();
  38   2                      HC138C = 0; HC138B = 1; HC138A = 1;
  39   2                      delay();
  40   2                      HC138C = 1; HC138B = 0; HC138A = 0;
  41   2                      delay();
  42   2                      HC138C = 1; HC138B = 0; HC138A = 1;
  43   2                      delay();
  44   2                      HC138C = 1; HC138B = 1; HC138A = 0;
  45   2                      delay();
  46   2                      HC138C = 1; HC138B = 1; HC138A = 1;
  47   2                      delay();
  48   2      
  49   2                                      
  50   2              }
  51   1      }


MODULE INFORMATION:   STATIC OVERLAYABLE
   CODE SIZE        =    103    ----
C51 COMPILER V9.01   74HC138                                                               07/11/2015 13:00:18 PAGE 2   

   CONSTANT SIZE    =   ----    ----
   XDATA SIZE       =   ----    ----
   PDATA SIZE       =   ----    ----
   DATA SIZE        =   ----    ----
   IDATA SIZE       =   ----    ----
   BIT SIZE         =   ----    ----
END OF MODULE INFORMATION.


C51 COMPILATION COMPLETE.  0 WARNING(S),  0 ERROR(S)
