C51 COMPILER V9.00   MAIN                                                                  08/30/2015 19:33:40 PAGE 1   


C51 COMPILER V9.00, COMPILATION OF MODULE MAIN
OBJECT MODULE PLACED IN main.OBJ
COMPILER INVOKED BY: D:\Keil\C51\BIN\C51.EXE main.c BROWSE DEBUG OBJECTEXTEND

line level    source

   1          /********************************************************
   2          
   3                                                  DS18B20实验
   4                                          
   5                                          LCD1602显示当前温度                                             
   6                                    
   7          ********************************************************/
   8          
   9          #include <reg52.H>
  10          #include <intrins.h>
  11          #include "1602.h"
  12          #include "DS18B20.h"
  13          
  14          
  15          unsigned char  LedOut[5],LedNumVal;
  16          
  17          void system_Ini()
  18          {
  19   1          TMOD|= 0x11;
  20   1          TH1 = 0xD8;    //10
  21   1          TL1 = 0xF0; 
  22   1              IE = 0x8A;      
  23   1          TR1  = 1;
  24   1      }
  25          
  26          void main()
  27          { 
  28   1      
  29   1              system_Ini();              // 系统初始化
  30   1              LcdInitiate();             //  1602初始化
  31   1      
  32   1              WriteAddress(0x00);
  33   1              WriteData(' ');
  34   1              WriteAddress(0x02);  
  35   1              WriteString("DS18B20 Test") ;
  36   1              WriteAddress(0x43);  
  37   1              WriteString("Tem:") ;
  38   1      
  39   1              while(1)
  40   1              {       
  41   2                GetTemp();               //得到温度
  42   2      
  43   2                LedOut[0]=Temperature%10000/1000+0x30;
  44   2            LedOut[1]=Temperature%1000/100+0x30;
  45   2            LedOut[2]=Temperature%100/10+0x30;         //十位
  46   2            LedOut[3]=Temperature%10+0x30;    //个位
  47   2                WriteAddress(0x48);  
  48   2                WriteString(LedOut) ;         //显示温度
  49   2                WriteString("C") ;
  50   2              }
  51   1      }
  52          


MODULE INFORMATION:   STATIC OVERLAYABLE
C51 COMPILER V9.00   MAIN                                                                  08/30/2015 19:33:40 PAGE 2   

   CODE SIZE        =    191    ----
   CONSTANT SIZE    =     20    ----
   XDATA SIZE       =   ----    ----
   PDATA SIZE       =   ----    ----
   DATA SIZE        =      6    ----
   IDATA SIZE       =   ----    ----
   BIT SIZE         =   ----    ----
END OF MODULE INFORMATION.


C51 COMPILATION COMPLETE.  0 WARNING(S),  0 ERROR(S)
