C51 COMPILER V9.01   DIGITAL_TUBE                                                          07/11/2015 23:04:48 PAGE 1   


C51 COMPILER V9.01, COMPILATION OF MODULE DIGITAL_TUBE
OBJECT MODULE PLACED IN Digital_Tube.OBJ
COMPILER INVOKED BY: D:\Keil\C51\BIN\C51.EXE Digital_Tube.c BROWSE DEBUG OBJECTEXTEND

line level    source

   1          
   2          
   3          
   4          
   5          #include <reg52.h>
   6          
   7          #define uchar unsigned char
   8          
   9          //uchar code table[] = {0x3F, 0x06, 0x5B, 0x4F, 0x66, 0x6D, 0x7D, 0x07, 0x7F, 0x6F, 0x77, 0x7C, 0x39, 0x5E
             -, 0x79, 0x71};
  10          
  11          //此表为 LED 的字模, 共阴数码管 0-9  - 
  12          uchar code Disp_Tab[] = {0x3F, 0x06, 0x5B, 0x4F, 0x66, 0x6D, 0x7D, 0x07, 0x7F, 0x6F, 0x77, 0x7C, 0x39, 0x5
             -E, 0x79, 0x71};  //段码控制
  13          
  14          //此表为8个数码管位选控制, 共阴数码管 1-8个  - 
  15          uchar code Disp_Bit[] = {0xfe, 0xfd, 0xfb, 0xf7, 0xef, 0xdF, 0xbF, 0x7F};    //位选控制   查表的方法控制
  16          
  17          void delay_nms(int n)
  18          {
  19   1              int i, j;
  20   1              for(i = 0; i < n; i++)
  21   1              {
  22   2                      for(j = 0; j < 110; j++) ;
  23   2              }       
  24   1      }
  25          
  26          void main()
  27          {
  28   1              uchar Bit;               //定义变量位
  29   1              while(1)
  30   1              {
  31   2                      for(Bit = 0; Bit < 8; Bit++)
  32   2                      {
  33   3                              P0 = Disp_Bit[Bit];
  34   3                              P1 = Disp_Tab[Bit];
  35   3                              delay_nms(1);
  36   3                      }
  37   2              }
  38   1      }
  39          


MODULE INFORMATION:   STATIC OVERLAYABLE
   CODE SIZE        =     67    ----
   CONSTANT SIZE    =     24    ----
   XDATA SIZE       =   ----    ----
   PDATA SIZE       =   ----    ----
   DATA SIZE        =   ----    ----
   IDATA SIZE       =   ----    ----
   BIT SIZE         =   ----    ----
END OF MODULE INFORMATION.


C51 COMPILATION COMPLETE.  0 WARNING(S),  0 ERROR(S)
