C51 COMPILER V9.00   LED_FLASHING                                                          04/13/2016 13:46:25 PAGE 1   


C51 COMPILER V9.00, COMPILATION OF MODULE LED_FLASHING
OBJECT MODULE PLACED IN LED_Flashing.OBJ
COMPILER INVOKED BY: D:\Keil\C51\BIN\C51.EXE LED_Flashing.c BROWSE DEBUG OBJECTEXTEND TABS(2)

line level    source

   1          /********************************************************
   2          
   3                      LED闪烁实验
   4                      
   5              连接方法：P1口排针和LED排针用排线连接起来
   6              
   7          
   8          ********************************************************/
   9          
  10          
  11          #include <reg52.h>
  12          
  13          sbit LED = P1^6;
  14          
  15          void delay()
  16          {
  17   1        int i,j;
  18   1        for(i = 0; i < 1000; i++)
  19   1        {
  20   2          for(j = 0; j < 110; j++) ;
  21   2        }
  22   1      }
  23          
  24          void main()
  25          {
  26   1        while(1)
  27   1        {
  28   2          LED = 0;  //点亮LED
  29   2          delay();  //延时
  30   2          LED = 1;  //熄灭LED
  31   2          delay();  //延时
  32   2        }
  33   1      }


MODULE INFORMATION:   STATIC OVERLAYABLE
   CODE SIZE        =     41    ----
   CONSTANT SIZE    =   ----    ----
   XDATA SIZE       =   ----    ----
   PDATA SIZE       =   ----    ----
   DATA SIZE        =   ----    ----
   IDATA SIZE       =   ----    ----
   BIT SIZE         =   ----    ----
END OF MODULE INFORMATION.


C51 COMPILATION COMPLETE.  0 WARNING(S),  0 ERROR(S)
