C51 COMPILER V9.00   MAIN                                                                  09/12/2015 10:41:32 PAGE 1   


C51 COMPILER V9.00, COMPILATION OF MODULE MAIN
OBJECT MODULE PLACED IN ..\Obj\main.obj
COMPILER INVOKED BY: D:\Keil\C51\BIN\C51.EXE main.c LARGE BROWSE INCDIR(..\src;..\User) DEBUG OBJECTEXTEND PRINT(..\Obj\
                    -main.lst) OBJECT(..\Obj\main.obj)

line level    source

   1          /********************************************************
   2          
   3                                          6轴加速度计陀螺仪MPU6050实验
   4                                                          
   5                                  采集MPU6050传感器数据,用OLED显示                
   6          
   7          ********************************************************/
   8          
   9          
  10          
  11          
  12          #include "includes.h"
  13          
  14          
  15          void main(void)
  16          {
  17   1              
  18   1              Uart_Init(9600);    //串口初始化
  19   1              
  20   1              MPU6050_Init();         //6轴陀螺仪加速度计初始化
  21   1              
  22   1              OLED_Init();        //OLED初始化
  23   1              
  24   1      
  25   1              MPU6050_Test();
  26   1      
  27   1              Show_f6x8str(0,2,"ACC_X  H");
  28   1              Show_f6x8str(81,2,"L");
  29   1              Show_f6x8str(0,3,"ACC_Y  H");
  30   1              Show_f6x8str(81,3,"L");
  31   1              Show_f6x8str(0,4,"ACC_Z  H");
  32   1              Show_f6x8str(81,4,"L");
  33   1      
  34   1              Show_f6x8str(0,5,"GYRO_X H");
  35   1              Show_f6x8str(81,5,"L");
  36   1              Show_f6x8str(0,6,"GYRO_Y H");
  37   1              Show_f6x8str(81,6,"L");
  38   1              Show_f6x8str(0,7,"GYRO_Z H");
  39   1              Show_f6x8str(81,7,"L");
  40   1      
  41   1              while(1)
  42   1              {
  43   2      
  44   2      //              MPU6050_Read_All_Dat();   //一次读取MPU6050全部数据
  45   2      
  46   2                      Show_Num_f6x8(52,2,Device_Read_Byte(0xd0,ACCEL_XOUT_H),4);         //读取X轴加速度计高8位数据
  47   2                      Show_Num_f6x8(90,2,Device_Read_Byte(0xd0,ACCEL_XOUT_L),4);         //读取X轴加速度计低8位数据
  48   2                      Show_Num_f6x8(52,3,Device_Read_Byte(0xd0,ACCEL_YOUT_H),4);         //读取Y轴加速度计高8位数据
  49   2                      Show_Num_f6x8(90,3,Device_Read_Byte(0xd0,ACCEL_YOUT_L),4);         //读取Y轴加速度计低8位数据
  50   2                      Show_Num_f6x8(52,4,Device_Read_Byte(0xd0,ACCEL_ZOUT_H),4);         //读取Z轴加速度计高8位数据
  51   2                      Show_Num_f6x8(90,4,Device_Read_Byte(0xd0,ACCEL_ZOUT_L),4);         //读取Z轴加速度计低8位数据
  52   2      
  53   2                      Show_Num_f6x8(52,5,Device_Read_Byte(0xd0,GYRO_XOUT_H),4);          //读取X轴陀螺仪高8位数据
  54   2                      Show_Num_f6x8(90,5,Device_Read_Byte(0xd0,GYRO_XOUT_L),4);          //读取X轴陀螺仪低8位数据
C51 COMPILER V9.00   MAIN                                                                  09/12/2015 10:41:32 PAGE 2   

  55   2                      Show_Num_f6x8(52,6,Device_Read_Byte(0xd0,GYRO_YOUT_H),4);          //读取Y轴陀螺仪高8位数据
  56   2                      Show_Num_f6x8(90,6,Device_Read_Byte(0xd0,GYRO_YOUT_L),4);          //读取Y轴陀螺仪低8位数据
  57   2                      Show_Num_f6x8(52,7,Device_Read_Byte(0xd0,GYRO_ZOUT_H),4);          //读取Z轴陀螺仪高8位数据
  58   2                      Show_Num_f6x8(90,7,Device_Read_Byte(0xd0,GYRO_ZOUT_L),4);          //读取Z轴陀螺仪低8位数据
  59   2      
  60   2      //              Show_Num_f6x8(10,7,Device_Read_Byte(0xd0,TEMP_OUT_H),5);           //读取温度高8位数据
  61   2      //              Show_Num_f6x8(50,7,Device_Read_Byte(0xd0,TEMP_OUT_L),5);           //读取温度低8位数据
  62   2      
  63   2      
  64   2      /****************************串口发送数据*****************************/
  65   2      
  66   2      //              Uart_SendNum(Device_Read_Byte(0xd0,ACCEL_XOUT_H));
  67   2      //              Uart_SendNum(Device_Read_Byte(0xd0,ACCEL_XOUT_L));
  68   2      //              Uart_SendNum(Device_Read_Byte(0xd0,ACCEL_YOUT_H));
  69   2      //              Uart_SendNum(Device_Read_Byte(0xd0,ACCEL_YOUT_L));
  70   2      //              Uart_SendNum(Device_Read_Byte(0xd0,ACCEL_ZOUT_H));
  71   2      //              Uart_SendNum(Device_Read_Byte(0xd0,ACCEL_ZOUT_L));
  72   2      //              UartSendStr("\r\n");
  73   2      //
  74   2      //              UartSendStr("test\r\n");
  75   2      //
  76   2      //              Delay_ms(100);
  77   2      
  78   2      /*********************************************************************/
  79   2                      
  80   2              }
  81   1      }


MODULE INFORMATION:   STATIC OVERLAYABLE
   CODE SIZE        =    461    ----
   CONSTANT SIZE    =     56    ----
   XDATA SIZE       =   ----    ----
   PDATA SIZE       =   ----    ----
   DATA SIZE        =   ----    ----
   IDATA SIZE       =   ----    ----
   BIT SIZE         =   ----    ----
END OF MODULE INFORMATION.


C51 COMPILATION COMPLETE.  0 WARNING(S),  0 ERROR(S)
