C51 COMPILER V9.00   MEMBER                                                                09/12/2015 10:41:32 PAGE 1   


C51 COMPILER V9.00, COMPILATION OF MODULE MEMBER
OBJECT MODULE PLACED IN ..\Obj\member.obj
COMPILER INVOKED BY: D:\Keil\C51\BIN\C51.EXE ..\src\member.c LARGE BROWSE INCDIR(..\src;..\User) DEBUG OBJECTEXTEND PRIN
                    -T(..\Obj\member.lst) OBJECT(..\Obj\member.obj)

line level    source

   1          #include "member.h"
   2          
   3          void Delay_ms(uint z)
   4          {
   5   1              uint x,y;
   6   1              for(x=0;x<60;x++)
   7   1                      for(y=z;y>0;y--);
   8   1      }
   9          
  10          void delay_us(void)      //4us延时
  11          {
  12   1              int i = 0;
  13   1      //      for(i = 0; i< 12; i++)
  14   1              {
  15   2              _nop_();
  16   2              _nop_();
  17   2              }
  18   1      }
  19          
  20          uchar Timer0Count=0;
  21          uchar MPU6050_Data[13];
  22          
  23          
  24          
  25          /**********************************点阵字模****************************************/
  26          
  27          code uchar ledarray_num[][8]=                                      //阳码（0亮）、行列式、顺向取模 DotumChe
  28          {       
  29          
  30                  {0xFF,0xC3,0x99,0xBD,0xBD,0x99,0xC3,0xFF},/*"0",0*/
  31          
  32                  {0xFF,0xF7,0x87,0xF7,0xF7,0xF7,0xF7,0xFF},/*"1",1*/
  33                  
  34                  {0xFF,0xC3,0xBD,0xF9,0xC7,0x9F,0x81,0xFF},/*"2",2*/
  35                  
  36                  {0xFF,0xC3,0xBD,0xE3,0xFD,0xBD,0xC3,0xFF},/*"3",3*/
  37                  
  38                  {0xFF,0xF3,0xCB,0xBB,0x01,0xFB,0xFB,0xFF},/*"4",4*/
  39                  
  40                  {0xFF,0xC1,0xDF,0x83,0xBD,0xBD,0xC3,0xFF},/*"5",5*/
  41                  
  42                  {0xFF,0xC3,0xBD,0x83,0xBD,0xBD,0xC3,0xFF},/*"6",6*/
  43                  
  44                  {0xFF,0x81,0xFB,0xF7,0xEF,0xEF,0xDF,0xFF},/*"7",7*/
  45                  
  46                  {0xFF,0xC3,0xBD,0xC3,0xBD,0xBD,0xC3,0xFF},/*"8",8*/
  47                  
  48                  {0xFF,0xC3,0xBD,0xBD,0xC1,0xF9,0x83,0xFF},/*"9",9*/
  49          
  50          };
  51          
  52          
  53          /*****************************共阴数码管FONT********************************/
  54          
C51 COMPILER V9.00   MEMBER                                                                09/12/2015 10:41:32 PAGE 2   

  55          code uchar F_DigC[]={0x3F,0x06,0x5B,0x4F,0x66,0x6D,0x7D,0x07,0x7F,0x6F,0x77,0x7C,0x39,0x5E,0x79,0x71};//0-
             --F
  56          
  57          /*****************************共阳数码管FONT********************************/
  58          
  59          code uchar F_DigA[]={~0x3F,~0x06,~0x5B,~0x4F,~0x66,~0x6D,~0x7D,~0x07,~0x7F,~0x6F,~0x77,~0x7C,~0x39,~0x5E,~
             -0x79,~0x71};//0--F
  60          
  61          /***********************OLED FONT******************************/
  62          
  63          code uchar f6x8[][6] =                                                                  //6x8点阵字符字模（逆序阳码）
  64          {
  65              { 0x00, 0x00, 0x00, 0x00, 0x00, 0x00 },   // sp
  66              { 0x00, 0x00, 0x00, 0x2f, 0x00, 0x00 },   // !
  67              { 0x00, 0x00, 0x07, 0x00, 0x07, 0x00 },   // "
  68              { 0x00, 0x14, 0x7f, 0x14, 0x7f, 0x14 },   // #
  69              { 0x00, 0x24, 0x2a, 0x7f, 0x2a, 0x12 },   // $
  70              { 0x00, 0x62, 0x64, 0x08, 0x13, 0x23 },   // %
  71              { 0x00, 0x36, 0x49, 0x55, 0x22, 0x50 },   // &
  72              { 0x00, 0x00, 0x05, 0x03, 0x00, 0x00 },   // '
  73              { 0x00, 0x00, 0x1c, 0x22, 0x41, 0x00 },   // (
  74              { 0x00, 0x00, 0x41, 0x22, 0x1c, 0x00 },   // )
  75              { 0x00, 0x14, 0x08, 0x3E, 0x08, 0x14 },   // *
  76              { 0x00, 0x08, 0x08, 0x3E, 0x08, 0x08 },   // +
  77              { 0x00, 0x00, 0x00, 0xA0, 0x60, 0x00 },   // ,
  78              { 0x00, 0x08, 0x08, 0x08, 0x08, 0x08 },   // -
  79              { 0x00, 0x00, 0x60, 0x60, 0x00, 0x00 },   // .
  80              { 0x00, 0x20, 0x10, 0x08, 0x04, 0x02 },   // /
  81              { 0x00, 0x3E, 0x51, 0x49, 0x45, 0x3E },   // 0
  82              { 0x00, 0x00, 0x42, 0x7F, 0x40, 0x00 },   // 1
  83              { 0x00, 0x42, 0x61, 0x51, 0x49, 0x46 },   // 2
  84              { 0x00, 0x21, 0x41, 0x45, 0x4B, 0x31 },   // 3
  85              { 0x00, 0x18, 0x14, 0x12, 0x7F, 0x10 },   // 4
  86              { 0x00, 0x27, 0x45, 0x45, 0x45, 0x39 },   // 5
  87              { 0x00, 0x3C, 0x4A, 0x49, 0x49, 0x30 },   // 6
  88              { 0x00, 0x01, 0x71, 0x09, 0x05, 0x03 },   // 7
  89              { 0x00, 0x36, 0x49, 0x49, 0x49, 0x36 },   // 8
  90              { 0x00, 0x06, 0x49, 0x49, 0x29, 0x1E },   // 9
  91              { 0x00, 0x00, 0x36, 0x36, 0x00, 0x00 },   // :
  92              { 0x00, 0x00, 0x56, 0x36, 0x00, 0x00 },   // ;
  93              { 0x00, 0x08, 0x14, 0x22, 0x41, 0x00 },   // <
  94              { 0x00, 0x14, 0x14, 0x14, 0x14, 0x14 },   // =
  95              { 0x00, 0x00, 0x41, 0x22, 0x14, 0x08 },   // >
  96              { 0x00, 0x02, 0x01, 0x51, 0x09, 0x06 },   // ?
  97              { 0x00, 0x32, 0x49, 0x59, 0x51, 0x3E },   // @
  98              { 0x00, 0x7C, 0x12, 0x11, 0x12, 0x7C },   // A
  99              { 0x00, 0x7F, 0x49, 0x49, 0x49, 0x36 },   // B
 100              { 0x00, 0x3E, 0x41, 0x41, 0x41, 0x22 },   // C
 101              { 0x00, 0x7F, 0x41, 0x41, 0x22, 0x1C },   // D
 102              { 0x00, 0x7F, 0x49, 0x49, 0x49, 0x41 },   // E
 103              { 0x00, 0x7F, 0x09, 0x09, 0x09, 0x01 },   // F
 104              { 0x00, 0x3E, 0x41, 0x49, 0x49, 0x7A },   // G
 105              { 0x00, 0x7F, 0x08, 0x08, 0x08, 0x7F },   // H
 106              { 0x00, 0x00, 0x41, 0x7F, 0x41, 0x00 },   // I
 107              { 0x00, 0x20, 0x40, 0x41, 0x3F, 0x01 },   // J
 108              { 0x00, 0x7F, 0x08, 0x14, 0x22, 0x41 },   // K
 109              { 0x00, 0x7F, 0x40, 0x40, 0x40, 0x40 },   // L
 110              { 0x00, 0x7F, 0x02, 0x0C, 0x02, 0x7F },   // M
 111              { 0x00, 0x7F, 0x04, 0x08, 0x10, 0x7F },   // N
 112              { 0x00, 0x3E, 0x41, 0x41, 0x41, 0x3E },   // O
 113              { 0x00, 0x7F, 0x09, 0x09, 0x09, 0x06 },   // P
 114              { 0x00, 0x3E, 0x41, 0x51, 0x21, 0x5E },   // Q
C51 COMPILER V9.00   MEMBER                                                                09/12/2015 10:41:32 PAGE 3   

 115              { 0x00, 0x7F, 0x09, 0x19, 0x29, 0x46 },   // R
 116              { 0x00, 0x46, 0x49, 0x49, 0x49, 0x31 },   // S
 117              { 0x00, 0x01, 0x01, 0x7F, 0x01, 0x01 },   // T
 118              { 0x00, 0x3F, 0x40, 0x40, 0x40, 0x3F },   // U
 119              { 0x00, 0x1F, 0x20, 0x40, 0x20, 0x1F },   // V
 120              { 0x00, 0x3F, 0x40, 0x38, 0x40, 0x3F },   // W
 121              { 0x00, 0x63, 0x14, 0x08, 0x14, 0x63 },   // X
 122              { 0x00, 0x07, 0x08, 0x70, 0x08, 0x07 },   // Y
 123              { 0x00, 0x61, 0x51, 0x49, 0x45, 0x43 },   // Z
 124              { 0x00, 0x00, 0x7F, 0x41, 0x41, 0x00 },   // [
 125              { 0x00, 0x55, 0x2A, 0x55, 0x2A, 0x55 },   // 55
 126              { 0x00, 0x00, 0x41, 0x41, 0x7F, 0x00 },   // ]
 127              { 0x00, 0x04, 0x02, 0x01, 0x02, 0x04 },   // ^
 128              { 0x00, 0x40, 0x40, 0x40, 0x40, 0x40 },   // _
 129              { 0x00, 0x00, 0x01, 0x02, 0x04, 0x00 },   // '
 130              { 0x00, 0x20, 0x54, 0x54, 0x54, 0x78 },   // a
 131              { 0x00, 0x7F, 0x48, 0x44, 0x44, 0x38 },   // b
 132              { 0x00, 0x38, 0x44, 0x44, 0x44, 0x20 },   // c
 133              { 0x00, 0x38, 0x44, 0x44, 0x48, 0x7F },   // d
 134              { 0x00, 0x38, 0x54, 0x54, 0x54, 0x18 },   // e
 135              { 0x00, 0x08, 0x7E, 0x09, 0x01, 0x02 },   // f
 136              { 0x00, 0x18, 0xA4, 0xA4, 0xA4, 0x7C },   // g
 137              { 0x00, 0x7F, 0x08, 0x04, 0x04, 0x78 },   // h
 138              { 0x00, 0x00, 0x44, 0x7D, 0x40, 0x00 },   // i
 139              { 0x00, 0x40, 0x80, 0x84, 0x7D, 0x00 },   // j
 140              { 0x00, 0x7F, 0x10, 0x28, 0x44, 0x00 },   // k
 141              { 0x00, 0x00, 0x41, 0x7F, 0x40, 0x00 },   // l
 142              { 0x00, 0x7C, 0x04, 0x18, 0x04, 0x78 },   // m
 143              { 0x00, 0x7C, 0x08, 0x04, 0x04, 0x78 },   // n
 144              { 0x00, 0x38, 0x44, 0x44, 0x44, 0x38 },   // o
 145              { 0x00, 0xFC, 0x24, 0x24, 0x24, 0x18 },   // p
 146              { 0x00, 0x18, 0x24, 0x24, 0x18, 0xFC },   // q
 147              { 0x00, 0x7C, 0x08, 0x04, 0x04, 0x08 },   // r
 148              { 0x00, 0x48, 0x54, 0x54, 0x54, 0x20 },   // s
 149              { 0x00, 0x04, 0x3F, 0x44, 0x40, 0x20 },   // t
 150              { 0x00, 0x3C, 0x40, 0x40, 0x20, 0x7C },   // u
 151              { 0x00, 0x1C, 0x20, 0x40, 0x20, 0x1C },   // v
 152              { 0x00, 0x3C, 0x40, 0x30, 0x40, 0x3C },   // w
 153              { 0x00, 0x44, 0x28, 0x10, 0x28, 0x44 },   // x
 154              { 0x00, 0x1C, 0xA0, 0xA0, 0xA0, 0x7C },   // y
 155              { 0x00, 0x44, 0x64, 0x54, 0x4C, 0x44 },   // z
 156              { 0x14, 0x14, 0x14, 0x14, 0x14, 0x14 }    // horiz lines
 157          };
 158          
 159          
 160          code uchar f8x16[]=//8x16点阵字符字模
 161          {
 162            0x00,0x00,0x00,0x00,0x00,0x00,0x00,0x00,0x00,0x00,0x00,0x00,0x00,0x00,0x00,0x00,// 0
 163            0x00,0x00,0x00,0xF8,0x00,0x00,0x00,0x00,0x00,0x00,0x00,0x33,0x30,0x00,0x00,0x00,//!1
 164            0x00,0x10,0x0C,0x06,0x10,0x0C,0x06,0x00,0x00,0x00,0x00,0x00,0x00,0x00,0x00,0x00,//"2
 165            0x40,0xC0,0x78,0x40,0xC0,0x78,0x40,0x00,0x04,0x3F,0x04,0x04,0x3F,0x04,0x04,0x00,//#3
 166            0x00,0x70,0x88,0xFC,0x08,0x30,0x00,0x00,0x00,0x18,0x20,0xFF,0x21,0x1E,0x00,0x00,//$4
 167            0xF0,0x08,0xF0,0x00,0xE0,0x18,0x00,0x00,0x00,0x21,0x1C,0x03,0x1E,0x21,0x1E,0x00,//%5
 168            0x00,0xF0,0x08,0x88,0x70,0x00,0x00,0x00,0x1E,0x21,0x23,0x24,0x19,0x27,0x21,0x10,//&6
 169            0x10,0x16,0x0E,0x00,0x00,0x00,0x00,0x00,0x00,0x00,0x00,0x00,0x00,0x00,0x00,0x00,//'7
 170            0x00,0x00,0x00,0xE0,0x18,0x04,0x02,0x00,0x00,0x00,0x00,0x07,0x18,0x20,0x40,0x00,//(8
 171            0x00,0x02,0x04,0x18,0xE0,0x00,0x00,0x00,0x00,0x40,0x20,0x18,0x07,0x00,0x00,0x00,//)9
 172            0x40,0x40,0x80,0xF0,0x80,0x40,0x40,0x00,0x02,0x02,0x01,0x0F,0x01,0x02,0x02,0x00,//*10
 173            0x00,0x00,0x00,0xF0,0x00,0x00,0x00,0x00,0x01,0x01,0x01,0x1F,0x01,0x01,0x01,0x00,//+11
 174            0x00,0x00,0x00,0x00,0x00,0x00,0x00,0x00,0x80,0xB0,0x70,0x00,0x00,0x00,0x00,0x00,//,12
 175            0x00,0x00,0x00,0x00,0x00,0x00,0x00,0x00,0x00,0x01,0x01,0x01,0x01,0x01,0x01,0x01,//-13
 176            0x00,0x00,0x00,0x00,0x00,0x00,0x00,0x00,0x00,0x30,0x30,0x00,0x00,0x00,0x00,0x00,//.14
C51 COMPILER V9.00   MEMBER                                                                09/12/2015 10:41:32 PAGE 4   

 177            0x00,0x00,0x00,0x00,0x80,0x60,0x18,0x04,0x00,0x60,0x18,0x06,0x01,0x00,0x00,0x00,///15
 178            0x00,0xE0,0x10,0x08,0x08,0x10,0xE0,0x00,0x00,0x0F,0x10,0x20,0x20,0x10,0x0F,0x00,//016
 179            0x00,0x10,0x10,0xF8,0x00,0x00,0x00,0x00,0x00,0x20,0x20,0x3F,0x20,0x20,0x00,0x00,//117
 180            0x00,0x70,0x08,0x08,0x08,0x88,0x70,0x00,0x00,0x30,0x28,0x24,0x22,0x21,0x30,0x00,//218
 181            0x00,0x30,0x08,0x88,0x88,0x48,0x30,0x00,0x00,0x18,0x20,0x20,0x20,0x11,0x0E,0x00,//319
 182            0x00,0x00,0xC0,0x20,0x10,0xF8,0x00,0x00,0x00,0x07,0x04,0x24,0x24,0x3F,0x24,0x00,//420
 183            0x00,0xF8,0x08,0x88,0x88,0x08,0x08,0x00,0x00,0x19,0x21,0x20,0x20,0x11,0x0E,0x00,//521
 184            0x00,0xE0,0x10,0x88,0x88,0x18,0x00,0x00,0x00,0x0F,0x11,0x20,0x20,0x11,0x0E,0x00,//622
 185            0x00,0x38,0x08,0x08,0xC8,0x38,0x08,0x00,0x00,0x00,0x00,0x3F,0x00,0x00,0x00,0x00,//723
 186            0x00,0x70,0x88,0x08,0x08,0x88,0x70,0x00,0x00,0x1C,0x22,0x21,0x21,0x22,0x1C,0x00,//824
 187            0x00,0xE0,0x10,0x08,0x08,0x10,0xE0,0x00,0x00,0x00,0x31,0x22,0x22,0x11,0x0F,0x00,//925
 188            0x00,0x00,0x00,0xC0,0xC0,0x00,0x00,0x00,0x00,0x00,0x00,0x30,0x30,0x00,0x00,0x00,//:26
 189            0x00,0x00,0x00,0x80,0x00,0x00,0x00,0x00,0x00,0x00,0x80,0x60,0x00,0x00,0x00,0x00,//;27
 190            0x00,0x00,0x80,0x40,0x20,0x10,0x08,0x00,0x00,0x01,0x02,0x04,0x08,0x10,0x20,0x00,//<28
 191            0x40,0x40,0x40,0x40,0x40,0x40,0x40,0x00,0x04,0x04,0x04,0x04,0x04,0x04,0x04,0x00,//=29
 192            0x00,0x08,0x10,0x20,0x40,0x80,0x00,0x00,0x00,0x20,0x10,0x08,0x04,0x02,0x01,0x00,//>30
 193            0x00,0x70,0x48,0x08,0x08,0x08,0xF0,0x00,0x00,0x00,0x00,0x30,0x36,0x01,0x00,0x00,//?31
 194            0xC0,0x30,0xC8,0x28,0xE8,0x10,0xE0,0x00,0x07,0x18,0x27,0x24,0x23,0x14,0x0B,0x00,//@32
 195            0x00,0x00,0xC0,0x38,0xE0,0x00,0x00,0x00,0x20,0x3C,0x23,0x02,0x02,0x27,0x38,0x20,//A33
 196            0x08,0xF8,0x88,0x88,0x88,0x70,0x00,0x00,0x20,0x3F,0x20,0x20,0x20,0x11,0x0E,0x00,//B34
 197            0xC0,0x30,0x08,0x08,0x08,0x08,0x38,0x00,0x07,0x18,0x20,0x20,0x20,0x10,0x08,0x00,//C35
 198            0x08,0xF8,0x08,0x08,0x08,0x10,0xE0,0x00,0x20,0x3F,0x20,0x20,0x20,0x10,0x0F,0x00,//D36
 199            0x08,0xF8,0x88,0x88,0xE8,0x08,0x10,0x00,0x20,0x3F,0x20,0x20,0x23,0x20,0x18,0x00,//E37
 200            0x08,0xF8,0x88,0x88,0xE8,0x08,0x10,0x00,0x20,0x3F,0x20,0x00,0x03,0x00,0x00,0x00,//F38
 201            0xC0,0x30,0x08,0x08,0x08,0x38,0x00,0x00,0x07,0x18,0x20,0x20,0x22,0x1E,0x02,0x00,//G39
 202            0x08,0xF8,0x08,0x00,0x00,0x08,0xF8,0x08,0x20,0x3F,0x21,0x01,0x01,0x21,0x3F,0x20,//H40
 203            0x00,0x08,0x08,0xF8,0x08,0x08,0x00,0x00,0x00,0x20,0x20,0x3F,0x20,0x20,0x00,0x00,//I41
 204            0x00,0x00,0x08,0x08,0xF8,0x08,0x08,0x00,0xC0,0x80,0x80,0x80,0x7F,0x00,0x00,0x00,//J42
 205            0x08,0xF8,0x88,0xC0,0x28,0x18,0x08,0x00,0x20,0x3F,0x20,0x01,0x26,0x38,0x20,0x00,//K43
 206            0x08,0xF8,0x08,0x00,0x00,0x00,0x00,0x00,0x20,0x3F,0x20,0x20,0x20,0x20,0x30,0x00,//L44
 207            0x08,0xF8,0xF8,0x00,0xF8,0xF8,0x08,0x00,0x20,0x3F,0x00,0x3F,0x00,0x3F,0x20,0x00,//M45
 208            0x08,0xF8,0x30,0xC0,0x00,0x08,0xF8,0x08,0x20,0x3F,0x20,0x00,0x07,0x18,0x3F,0x00,//N46
 209            0xE0,0x10,0x08,0x08,0x08,0x10,0xE0,0x00,0x0F,0x10,0x20,0x20,0x20,0x10,0x0F,0x00,//O47
 210            0x08,0xF8,0x08,0x08,0x08,0x08,0xF0,0x00,0x20,0x3F,0x21,0x01,0x01,0x01,0x00,0x00,//P48
 211            0xE0,0x10,0x08,0x08,0x08,0x10,0xE0,0x00,0x0F,0x18,0x24,0x24,0x38,0x50,0x4F,0x00,//Q49
 212            0x08,0xF8,0x88,0x88,0x88,0x88,0x70,0x00,0x20,0x3F,0x20,0x00,0x03,0x0C,0x30,0x20,//R50
 213            0x00,0x70,0x88,0x08,0x08,0x08,0x38,0x00,0x00,0x38,0x20,0x21,0x21,0x22,0x1C,0x00,//S51
 214            0x18,0x08,0x08,0xF8,0x08,0x08,0x18,0x00,0x00,0x00,0x20,0x3F,0x20,0x00,0x00,0x00,//T52
 215            0x08,0xF8,0x08,0x00,0x00,0x08,0xF8,0x08,0x00,0x1F,0x20,0x20,0x20,0x20,0x1F,0x00,//U53
 216            0x08,0x78,0x88,0x00,0x00,0xC8,0x38,0x08,0x00,0x00,0x07,0x38,0x0E,0x01,0x00,0x00,//V54
 217            0xF8,0x08,0x00,0xF8,0x00,0x08,0xF8,0x00,0x03,0x3C,0x07,0x00,0x07,0x3C,0x03,0x00,//W55
 218            0x08,0x18,0x68,0x80,0x80,0x68,0x18,0x08,0x20,0x30,0x2C,0x03,0x03,0x2C,0x30,0x20,//X56
 219            0x08,0x38,0xC8,0x00,0xC8,0x38,0x08,0x00,0x00,0x00,0x20,0x3F,0x20,0x00,0x00,0x00,//Y57
 220            0x10,0x08,0x08,0x08,0xC8,0x38,0x08,0x00,0x20,0x38,0x26,0x21,0x20,0x20,0x18,0x00,//Z58
 221            0x00,0x00,0x00,0xFE,0x02,0x02,0x02,0x00,0x00,0x00,0x00,0x7F,0x40,0x40,0x40,0x00,//[59
 222            0x00,0x0C,0x30,0xC0,0x00,0x00,0x00,0x00,0x00,0x00,0x00,0x01,0x06,0x38,0xC0,0x00,//\60
 223            0x00,0x02,0x02,0x02,0xFE,0x00,0x00,0x00,0x00,0x40,0x40,0x40,0x7F,0x00,0x00,0x00,//]61
 224            0x00,0x00,0x04,0x02,0x02,0x02,0x04,0x00,0x00,0x00,0x00,0x00,0x00,0x00,0x00,0x00,//^62
 225            0x00,0x00,0x00,0x00,0x00,0x00,0x00,0x00,0x80,0x80,0x80,0x80,0x80,0x80,0x80,0x80,//_63
 226            0x00,0x02,0x02,0x04,0x00,0x00,0x00,0x00,0x00,0x00,0x00,0x00,0x00,0x00,0x00,0x00,//`64
 227            0x00,0x00,0x80,0x80,0x80,0x80,0x00,0x00,0x00,0x19,0x24,0x22,0x22,0x22,0x3F,0x20,//a65
 228            0x08,0xF8,0x00,0x80,0x80,0x00,0x00,0x00,0x00,0x3F,0x11,0x20,0x20,0x11,0x0E,0x00,//b66
 229            0x00,0x00,0x00,0x80,0x80,0x80,0x00,0x00,0x00,0x0E,0x11,0x20,0x20,0x20,0x11,0x00,//c67
 230            0x00,0x00,0x00,0x80,0x80,0x88,0xF8,0x00,0x00,0x0E,0x11,0x20,0x20,0x10,0x3F,0x20,//d68
 231            0x00,0x00,0x80,0x80,0x80,0x80,0x00,0x00,0x00,0x1F,0x22,0x22,0x22,0x22,0x13,0x00,//e69
 232            0x00,0x80,0x80,0xF0,0x88,0x88,0x88,0x18,0x00,0x20,0x20,0x3F,0x20,0x20,0x00,0x00,//f70
 233            0x00,0x00,0x80,0x80,0x80,0x80,0x80,0x00,0x00,0x6B,0x94,0x94,0x94,0x93,0x60,0x00,//g71
 234            0x08,0xF8,0x00,0x80,0x80,0x80,0x00,0x00,0x20,0x3F,0x21,0x00,0x00,0x20,0x3F,0x20,//h72
 235            0x00,0x80,0x98,0x98,0x00,0x00,0x00,0x00,0x00,0x20,0x20,0x3F,0x20,0x20,0x00,0x00,//i73
 236            0x00,0x00,0x00,0x80,0x98,0x98,0x00,0x00,0x00,0xC0,0x80,0x80,0x80,0x7F,0x00,0x00,//j74
 237            0x08,0xF8,0x00,0x00,0x80,0x80,0x80,0x00,0x20,0x3F,0x24,0x02,0x2D,0x30,0x20,0x00,//k75
 238            0x00,0x08,0x08,0xF8,0x00,0x00,0x00,0x00,0x00,0x20,0x20,0x3F,0x20,0x20,0x00,0x00,//l76
C51 COMPILER V9.00   MEMBER                                                                09/12/2015 10:41:32 PAGE 5   

 239            0x80,0x80,0x80,0x80,0x80,0x80,0x80,0x00,0x20,0x3F,0x20,0x00,0x3F,0x20,0x00,0x3F,//m77
 240            0x80,0x80,0x00,0x80,0x80,0x80,0x00,0x00,0x20,0x3F,0x21,0x00,0x00,0x20,0x3F,0x20,//n78
 241            0x00,0x00,0x80,0x80,0x80,0x80,0x00,0x00,0x00,0x1F,0x20,0x20,0x20,0x20,0x1F,0x00,//o79
 242            0x80,0x80,0x00,0x80,0x80,0x00,0x00,0x00,0x80,0xFF,0xA1,0x20,0x20,0x11,0x0E,0x00,//p80
 243            0x00,0x00,0x00,0x80,0x80,0x80,0x80,0x00,0x00,0x0E,0x11,0x20,0x20,0xA0,0xFF,0x80,//q81
 244            0x80,0x80,0x80,0x00,0x80,0x80,0x80,0x00,0x20,0x20,0x3F,0x21,0x20,0x00,0x01,0x00,//r82
 245            0x00,0x00,0x80,0x80,0x80,0x80,0x80,0x00,0x00,0x33,0x24,0x24,0x24,0x24,0x19,0x00,//s83
 246            0x00,0x80,0x80,0xE0,0x80,0x80,0x00,0x00,0x00,0x00,0x00,0x1F,0x20,0x20,0x00,0x00,//t84
 247            0x80,0x80,0x00,0x00,0x00,0x80,0x80,0x00,0x00,0x1F,0x20,0x20,0x20,0x10,0x3F,0x20,//u85
 248            0x80,0x80,0x80,0x00,0x00,0x80,0x80,0x80,0x00,0x01,0x0E,0x30,0x08,0x06,0x01,0x00,//v86
 249            0x80,0x80,0x00,0x80,0x00,0x80,0x80,0x80,0x0F,0x30,0x0C,0x03,0x0C,0x30,0x0F,0x00,//w87
 250            0x00,0x80,0x80,0x00,0x80,0x80,0x80,0x00,0x00,0x20,0x31,0x2E,0x0E,0x31,0x20,0x00,//x88
 251            0x80,0x80,0x80,0x00,0x00,0x80,0x80,0x80,0x80,0x81,0x8E,0x70,0x18,0x06,0x01,0x00,//y89
 252            0x00,0x80,0x80,0x80,0x80,0x80,0x80,0x00,0x00,0x21,0x30,0x2C,0x22,0x21,0x30,0x00,//z90
 253            0x00,0x00,0x00,0x00,0x80,0x7C,0x02,0x02,0x00,0x00,0x00,0x00,0x00,0x3F,0x40,0x40,//{91
 254            0x00,0x00,0x00,0x00,0xFF,0x00,0x00,0x00,0x00,0x00,0x00,0x00,0xFF,0x00,0x00,0x00,//|92
 255            0x00,0x02,0x02,0x7C,0x80,0x00,0x00,0x00,0x00,0x40,0x40,0x3F,0x00,0x00,0x00,0x00,//}93
 256            0x00,0x06,0x01,0x01,0x02,0x02,0x04,0x04,0x00,0x00,0x00,0x00,0x00,0x00,0x00,0x00//~94
 257          
 258          };
 259          
 260          code uchar logo[896]={
 261          
 262          0x00,0x00,0x00,0x00,0x00,0x00,0x00,0x80,0x80,0x80,0x80,0x80,0x80,0x80,0x80,0x80,0x80,0x80,0x80,0xC0,0xC0,0
             -xC0,0xC0,0xC0,0xC0,0xC0,0xC0,0xC0,0x00,0x00,0x00,0x00,
 263          0x00,0x00,0x00,0x00,0x01,0x01,0x01,0x01,0x01,0xC1,0x81,0x81,0xE1,0x9C,0x8F,0x46,0x40,0x40,0x40,0x60,0xE0,0
             -xC0,0xC0,0x00,0x00,0x00,0x00,0x00,0x00,0x00,0x00,0x00,
 264          0x00,0x00,0x00,0x00,0x00,0x00,0x00,0x00,0x00,0xC7,0xFF,0x08,0x08,0x08,0x08,0x08,0x08,0x88,0x80,0x00,0xFF,0
             -xFF,0x03,0x00,0x00,0x00,0x00,0x00,0x00,0x00,0x00,0x00,
 265          0x00,0x00,0x00,0x00,0x00,0x00,0x00,0x00,0x00,0x03,0x07,0x01,0x01,0x01,0x01,0x01,0x01,0x01,0x01,0x01,0x1F,0
             -x0F,0x00,0x00,0x00,0x00,0x00,0x00,0x00,0x00,0x00,0x00,/*"?",0*/
 266          
 267          0x00,0x00,0x00,0x00,0x00,0x00,0x00,0x00,0x00,0x00,0x30,0xF0,0x60,0x00,0x00,0x00,0x00,0x00,0x00,0x08,0x70,0
             -xF0,0x00,0x00,0x40,0xC0,0x80,0x80,0x00,0x00,0x00,0x00,
 268          0x00,0x00,0x00,0x80,0x80,0x80,0x80,0x80,0xC0,0x4C,0xCC,0xFF,0x66,0x26,0x22,0x20,0x00,0x60,0xE0,0x20,0x20,0
             -x3F,0xF8,0x90,0x18,0x00,0xE1,0xC1,0x00,0x00,0x00,0x00,
 269          0x00,0x00,0x01,0x81,0xC1,0x70,0x3E,0x1C,0x20,0x40,0x7F,0xFF,0x84,0x04,0x04,0x00,0x00,0x38,0x1F,0x48,0x48,0
             -x20,0x10,0x0F,0x1E,0x33,0x61,0xC0,0xF0,0x80,0x00,0x00,
 270          0x00,0x02,0x02,0x01,0x00,0x00,0x00,0x00,0x00,0x00,0x00,0x00,0x00,0x01,0x03,0x03,0x06,0x06,0x0C,0x1C,0x1C,0
             -x38,0x38,0x38,0x38,0x30,0x10,0x10,0x10,0x11,0x10,0x00,/*"?",1*/
 271          
 272          0x00,0x00,0x00,0x00,0x00,0x00,0x00,0x00,0x00,0x00,0xF0,0xF0,0x60,0x00,0x00,0x00,0x00,0x00,0x00,0x00,0x00,0
             -x00,0x00,0x00,0x18,0xF0,0xF0,0x20,0x00,0x00,0x00,0x00,
 273          0x00,0x00,0x00,0x00,0x00,0x80,0xC0,0xF0,0x98,0x0E,0x87,0x81,0x83,0xC6,0x86,0x8C,0x1C,0x00,0x00,0x00,0xFC,0
             -xFC,0x00,0x00,0x00,0x3F,0xFF,0x00,0x00,0x00,0x00,0x00,
 274          0x00,0x00,0x04,0x02,0x01,0x01,0x00,0x01,0xFF,0x01,0x00,0x10,0x70,0x7F,0x1F,0x01,0x80,0x00,0x00,0x00,0x1F,0
             -x3F,0x00,0x00,0x00,0x00,0xFF,0x00,0x00,0x00,0x00,0x00,
 275          0x00,0x00,0x00,0x00,0x00,0x00,0x00,0x00,0x07,0x0E,0x0C,0x0C,0x0C,0x0C,0x0C,0x0C,0x0F,0x06,0x00,0x00,0x00,0
             -x00,0x02,0x0C,0x3C,0x3F,0x1F,0x00,0x00,0x00,0x00,0x00,/*"?",2*/
 276          
 277          0x00,0x00,0x00,0x00,0x00,0x00,0x00,0x00,0x00,0x80,0xC0,0x40,0x70,0x30,0x20,0x00,0x00,0x00,0x00,0x00,0x00,0
             -x08,0xF8,0xF8,0x10,0x00,0x00,0x00,0x00,0x00,0x00,0x00,
 278          0x00,0x00,0x40,0xC0,0xC0,0x40,0x62,0x62,0x21,0xE1,0xFF,0x16,0x10,0x18,0x18,0x00,0x00,0x20,0x63,0x63,0x06,0
             -x00,0xFF,0xFF,0x00,0x00,0x00,0x00,0x80,0x80,0x00,0x00,
 279          0x00,0x00,0x80,0x40,0x20,0x10,0x08,0x06,0x03,0x01,0xFF,0x01,0x03,0x02,0x04,0x04,0x04,0x04,0x04,0x06,0x02,0
             -x02,0xFF,0xFF,0x03,0x01,0x01,0x01,0x01,0x01,0x01,0x00,
 280          0x00,0x00,0x00,0x00,0x00,0x00,0x00,0x00,0x00,0x06,0x1F,0x00,0x00,0x00,0x00,0x00,0x00,0x00,0x00,0x00,0x00,0
             -x00,0x07,0x3F,0x00,0x00,0x00,0x00,0x00,0x00,0x00,0x00,/*"?",3*/
 281          
 282          0x00,0x00,0x00,0x00,0x00,0x00,0x00,0x00,0x00,0x00,0x00,0x00,0x00,0x00,0x00,0x00,0x00,0x00,0x80,0x80,0x80,0
             -x80,0x80,0x80,0x00,0x00,0x00,0x00,0x00,0x00,0x00,0x00,
 283          0x00,0x00,0x00,0x00,0x00,0x00,0x00,0x00,0x02,0x02,0x02,0x02,0x02,0x03,0x03,0xFF,0xFF,0x01,0x01,0x01,0x01,0
C51 COMPILER V9.00   MEMBER                                                                09/12/2015 10:41:32 PAGE 6   

             -x01,0x01,0x01,0x00,0x00,0x00,0x00,0x00,0x00,0x00,0x00,
 284          0x00,0x00,0x00,0x00,0x00,0x00,0x00,0x00,0x00,0x00,0x00,0x00,0x00,0x80,0x80,0xFF,0xFF,0x80,0x80,0x80,0x80,0
             -x80,0x80,0x80,0xC0,0xC0,0xC0,0xC0,0x80,0x80,0x00,0x00,
 285          0x00,0x00,0x01,0x03,0x03,0x03,0x03,0x03,0x03,0x03,0x01,0x01,0x01,0x01,0x01,0x01,0x01,0x01,0x01,0x01,0x00,0
             -x00,0x00,0x00,0x00,0x00,0x00,0x00,0x00,0x00,0x00,0x00,/*"?",4*/
 286          
 287          0x00,0x00,0x00,0x00,0x00,0x00,0x00,0x00,0x00,0x80,0xF0,0xE0,0x60,0x00,0x00,0x00,0x00,0x80,0xF0,0x7C,0x18,0
             -x00,0x00,0x00,0x00,0x00,0x00,0x00,0x00,0x00,0x00,0x00,
 288          0x00,0x00,0x00,0x00,0x80,0xC0,0x60,0x38,0x1E,0xF7,0x01,0x00,0x80,0xC0,0x70,0x18,0x0E,0x0F,0x09,0xF8,0xE8,0
             -x0C,0x0C,0x04,0x86,0x86,0x86,0x06,0x02,0x00,0x00,0x00,
 289          0x00,0x04,0x02,0x03,0x01,0x00,0x00,0x00,0x80,0xFF,0x00,0x01,0x00,0x00,0x00,0x00,0x00,0x00,0x00,0xFF,0xFF,0
             -x41,0x61,0x61,0x61,0x61,0x21,0x20,0x00,0x00,0x00,0x00,
 290          0x00,0x00,0x00,0x00,0x00,0x00,0x00,0x00,0x07,0x0F,0x00,0x00,0x00,0x00,0x00,0x00,0x00,0x00,0x00,0x7F,0x1F,0
             -x00,0x00,0x00,0x00,0x00,0x00,0x00,0x00,0x00,0x00,0x00,/*"?",5*/
 291          
 292          0x00,0x00,0x00,0x00,0x00,0x00,0x00,0x80,0x00,0x00,0x00,0x00,0x00,0x00,0x18,0x38,0x70,0x00,0x80,0x80,0x80,0
             -x80,0x80,0x80,0xC0,0x80,0x80,0x00,0x00,0x00,0x00,0x00,
 293          0x00,0x00,0x00,0x00,0x10,0x1C,0x0F,0x03,0x01,0x01,0x11,0x11,0x11,0xD1,0xF1,0x59,0x19,0x19,0x98,0x08,0x08,0
             -x00,0x00,0x04,0x07,0x03,0x03,0x03,0x00,0x00,0x00,0x00,
 294          0x00,0x00,0x00,0x00,0x00,0x00,0x00,0x00,0x00,0x8C,0x8C,0x8E,0x8F,0xC5,0xFC,0xFC,0xC4,0x44,0x45,0x43,0x4F,0
             -x0C,0x00,0x00,0x00,0x00,0x00,0x00,0x00,0x00,0x00,0x00,
 295          0x00,0x00,0x00,0x00,0x10,0x10,0x30,0x10,0x10,0x10,0x10,0x18,0x18,0x18,0x1F,0x1F,0x08,0x08,0x08,0x08,0x08,0
             -x0C,0x0C,0x0C,0x0C,0x0C,0x08,0x00,0x00,0x00,0x00,0x00,/*"?",6*/
 296          };


MODULE INFORMATION:   STATIC OVERLAYABLE
   CODE SIZE        =     45    ----
   CONSTANT SIZE    =   3080    ----
   XDATA SIZE       =     14       2
   PDATA SIZE       =   ----    ----
   DATA SIZE        =   ----    ----
   IDATA SIZE       =   ----    ----
   BIT SIZE         =   ----    ----
END OF MODULE INFORMATION.


C51 COMPILATION COMPLETE.  0 WARNING(S),  0 ERROR(S)
