C51 COMPILER V9.00   UART                                                                  09/12/2015 10:41:33 PAGE 1   


C51 COMPILER V9.00, COMPILATION OF MODULE UART
OBJECT MODULE PLACED IN ..\Obj\uart.obj
COMPILER INVOKED BY: D:\Keil\C51\BIN\C51.EXE ..\src\uart.c LARGE BROWSE INCDIR(..\src;..\User) DEBUG OBJECTEXTEND PRINT(
                    -..\Obj\uart.lst) OBJECT(..\Obj\uart.obj)

line level    source

   1          #include "uart.h"
   2          
   3          void Uart_Init(short bound)
   4          {
   5   1      //      EA=1;//开总中断
   6   1      //      
   7   1      ////    SCON=0x50;//设置工作方式为8位波特率可变
   8   1      ////    PCON=0x80;//波特率加倍
   9   1      //      //TMOD=0x20;//定时器1工作模式8位自动重装
  10   1      //      //TH1=TL1=256-(62500/bound);//溢出率=Sysclk/12/(256-TH1) 波特率=（2/32）x 溢出率
  11   1      //      
  12   1      //      ES=1;//开串口中断
  13   1      //      //ET1=1;//开定时器中断
  14   1      //      //TR1=1;//启动定时器
  15   1      //      
  16   1      //      
  17   1      //      //STC12C单片机
  18   1      //      //独立波特率发生器
  19   1      //      BRT=256-(750000/bound);                            //溢出率=Sysclk/(256-BRT) 波特率=（2/32）x 溢出率    //12M 750000
  20   1      //      SCON=0x50;//设置工作方式为8位波特率可变
  21   1      //      PCON=0x80;//波特率加倍
  22   1      //      AUXR=0x15;//使用独立波特兰发生器，每一个时钟计数一次
  23   1      
  24   1      
  25   1              TMOD = 0x20;       // 设定T1定时器的工作方式2
  26   1              TH1 = 0xfd;                // T1定时器装初值
  27   1              TL1 = 0xfd;                //
  28   1              TR1 = 1;                   // 启动T1定时器
  29   1              SM0 = 0;                   // 设定串口工作方式1
  30   1              SM1 = 1;                   // 
  31   1              REN = 1;                   // 允许串口接收
  32   1              ES = 1;                    // 开串口中断
  33   1              EA = 1;                    // 开总中断
  34   1      
  35   1      }
*** WARNING C280 IN LINE 3 OF ..\SRC\UART.C: 'bound': unreferenced local variable
  36          
  37          void Uart(void) interrupt 4
  38          {
  39   1              uchar temp;
  40   1              if(RI==1)
  41   1              {       
  42   2                      RI=0;
  43   2                      temp=SBUF;
  44   2                      UartSentChar(temp);
  45   2                      //UartSendStr("test");
  46   2                      
  47   2              }
  48   1      }
  49          
  50          
  51          void UartSentChar(uchar ch)
  52          {
  53   1              SBUF=ch; //发送数据
C51 COMPILER V9.00   UART                                                                  09/12/2015 10:41:33 PAGE 2   

  54   1              while(!TI);//等待发送完毕
  55   1              TI=0;
  56   1      }
  57          
  58          void UartSendStr(uchar *ch)
  59          {
  60   1              while(*ch)
  61   1              {
  62   2                      UartSentChar(*ch);
  63   2                      ch++;
  64   2              }       
  65   1      }
  66          
  67          void Uart_SendNum(int num)               //数字发送函数
  68          { 
  69   1        uchar ch[8] = {0};
  70   1        
  71   1        if(num < 0)
  72   1        {
  73   2          ch[0] = '-';
  74   2          num = -num;
  75   2        }
  76   1        else
  77   1          ch[0] = ' ';
  78   1        
  79   1        ch[1] = num / 100000 + '0';
  80   1        ch[2] = num % 100000 / 10000 + '0';
  81   1        ch[3] = num % 10000 /1000 + '0';
  82   1        ch[4] = num % 1000 / 100 + '0';
  83   1        ch[5] = num % 100 / 10 + '0';
  84   1        ch[6] = num % 10 + '0';
  85   1      
  86   1        UartSendStr(ch);
  87   1        UartSendStr("  ");
  88   1       //for(i=0;i<7;i++)
  89   1      //      UartSendChar(ch[i]);
  90   1      }
  91          


MODULE INFORMATION:   STATIC OVERLAYABLE
   CODE SIZE        =    409    ----
   CONSTANT SIZE    =     11    ----
   XDATA SIZE       =   ----      12
   PDATA SIZE       =   ----    ----
   DATA SIZE        =   ----    ----
   IDATA SIZE       =   ----    ----
   BIT SIZE         =   ----    ----
END OF MODULE INFORMATION.


C51 COMPILATION COMPLETE.  1 WARNING(S),  0 ERROR(S)
