C51 COMPILER V9.00   FLASH                                                                 08/30/2015 19:47:02 PAGE 1   


C51 COMPILER V9.00, COMPILATION OF MODULE FLASH
OBJECT MODULE PLACED IN ..\Obj\flash.obj
COMPILER INVOKED BY: D:\Keil\C51\BIN\C51.EXE ..\src\flash.c COMPACT BROWSE INCDIR(..\src;..\User) DEBUG OBJECTEXTEND PRI
                    -NT(..\Obj\flash.lst) OBJECT(..\Obj\flash.obj)

line level    source

   1          #include "flash.h"
   2          
   3          void FLASH_Test(void)
   4          {
   5   1              int temp;
   6   1              temp=SPI_Flash_ReadID();
   7   1              if(temp==W25Q64)
   8   1              {
   9   2                      Show_f8x16str(0,0,"Flash Test Pass");
  10   2                      
  11   2              }
  12   1              else   Show_f8x16str(0,0,"Flash Test Fail");
  13   1              Show_f8x16str(0,2,"MID:");
  14   1              Show_Num_f8x16(32,2,temp,5);
  15   1      
  16   1              
  17   1      }
  18          
  19          uint SPI_Flash_ReadID(void)
  20          {
  21   1              uint Temp;        
  22   1              SPI_FLASH_CS=0;                             
  23   1              SPI_ReadWriteByte(0x90);//发送读取ID命令            
  24   1              SPI_ReadWriteByte(0x00);            
  25   1              SPI_ReadWriteByte(0x00);            
  26   1              SPI_ReadWriteByte(0x00); 
  27   1              
  28   1              //SPI_ReadWriteByte(0xff);                         
  29   1              Temp=SPI_ReadWriteByte(0xFF)<<8;  
  30   1              Temp|=SPI_ReadWriteByte(0xFF);   
  31   1      
  32   1      
  33   1              SPI_FLASH_CS=1;                             
  34   1              return Temp;
  35   1      } 
  36          
  37          void SPI_Flash_Write_Page(uchar* pBuffer,uint WriteAddr,int NumByteToWrite)
  38          {
  39   1              int i;  
  40   1          SPI_FLASH_Write_Enable();                  //SET WEL 
  41   1              SPI_FLASH_CS=0;                            //使能器件   
  42   1          SPI_ReadWriteByte(0x02);      //发送写页命令   
  43   1          SPI_ReadWriteByte((uchar)((WriteAddr)>>16)); //发送24bit地址    
  44   1          SPI_ReadWriteByte((uchar)((WriteAddr)>>8));   
  45   1          SPI_ReadWriteByte((uchar)WriteAddr);   
  46   1          for(i=0;i<NumByteToWrite;i++)
  47   1                      SPI_ReadWriteByte(pBuffer[i]);//循环写数  
  48   1      
  49   1              SPI_FLASH_CS=1;                            //取消片选 
  50   1              SPI_Flash_Wait_Busy();                                     //等待写入结束
  51   1      } 
  52          
  53          void SPI_FLASH_Write_Enable(void)   
  54          {
C51 COMPILER V9.00   FLASH                                                                 08/30/2015 19:47:02 PAGE 2   

  55   1              SPI_FLASH_CS=0;                            //使能器件   
  56   1          SPI_ReadWriteByte(0x06);      //发送写使能  
  57   1              SPI_FLASH_CS=1;                            //取消片选                 
  58   1      } 
  59          
  60          //等待空闲
  61          void SPI_Flash_Wait_Busy(void)   
  62          {   
  63   1              while ((SPI_Flash_ReadSR()&0x01)==0x01);   // 等待BUSY位清空
  64   1      }  
  65          
  66          uchar SPI_Flash_ReadSR(void)   
  67          {  
  68   1              uchar byte=0;   
  69   1              SPI_FLASH_CS=0;                            //使能器件   
  70   1              SPI_ReadWriteByte(0x05);    //发送读取状态寄存器命令    
  71   1              byte=SPI_ReadWriteByte(0Xff);             //读取一个字节  
  72   1              SPI_FLASH_CS=1;                            //取消片选     
  73   1              return byte;   
  74   1      } 
  75          
  76          void SPI_Flash_Read(uchar* pBuffer,uint ReadAddr,int NumByteToRead)   
  77          { 
  78   1              int i;                                                                                                      
  79   1              SPI_FLASH_CS=0;                            //使能器件   
  80   1          SPI_ReadWriteByte(0x03);         //发送读取命令   
  81   1          SPI_ReadWriteByte((uchar)((ReadAddr)>>16));  //发送24bit地址    
  82   1          SPI_ReadWriteByte((uchar)((ReadAddr)>>8));   
  83   1          SPI_ReadWriteByte((uchar)ReadAddr);   
  84   1          for(i=0;i<NumByteToRead;i++)
  85   1              { 
  86   2              pBuffer[i]=SPI_ReadWriteByte(0XFF);   //循环读数  
  87   2          }
  88   1              SPI_FLASH_CS=1;                            //取消片选                 
  89   1      } 


MODULE INFORMATION:   STATIC OVERLAYABLE
   CODE SIZE        =    424    ----
   CONSTANT SIZE    =     37    ----
   XDATA SIZE       =   ----    ----
   PDATA SIZE       =   ----      22
   DATA SIZE        =   ----    ----
   IDATA SIZE       =   ----    ----
   BIT SIZE         =   ----    ----
END OF MODULE INFORMATION.


C51 COMPILATION COMPLETE.  0 WARNING(S),  0 ERROR(S)
