C51 COMPILER V9.00   HC165                                                                 08/30/2015 19:47:01 PAGE 1   


C51 COMPILER V9.00, COMPILATION OF MODULE HC165
OBJECT MODULE PLACED IN ..\Obj\hc165.obj
COMPILER INVOKED BY: D:\Keil\C51\BIN\C51.EXE ..\src\hc165.c COMPACT BROWSE INCDIR(..\src;..\User) DEBUG OBJECTEXTEND PRI
                    -NT(..\Obj\hc165.lst) OBJECT(..\Obj\hc165.obj)

line level    source

   1          #include "hc165.h"
   2          
   3          
   4          void HC165_Test(uchar testdat)
   5          {
   6   1              uchar temp;
   7   1              HC_DIN=testdat;
   8   1              temp=HC165_GetData();
   9   1              
  10   1              if(temp==HC_DIN)
  11   1              {
  12   2                      Show_f8x16str(0,0,"HC165 Test Pass!");
  13   2                      Show_f8x16str(0,2,"Rev Data is:");
  14   2                      Show_Num_f8x16(97,2,temp,3);
  15   2              }
  16   1              else
  17   1              {
  18   2                      Show_f8x16str(0,0,"HC165 Test fail!");
  19   2                      Show_f8x16str(0,2,"Rev Data is:");
  20   2                      Show_Num_f8x16(97,2,temp,3);
  21   2              }
  22   1              
  23   1      //      if(temp==HC_DIN)
  24   1      //      {
  25   1      //              LCD1602_ShowString(1,1,"HC165 Test Pass!");
  26   1      //              LCD1602_ShowString(1,2,"Rev Data is:");
  27   1      //              LCD1602_ShowNum(13,2,temp,3);
  28   1      //      }
  29   1      //      else 
  30   1      //      {
  31   1      //              LCD1602_ShowString(1,1,"HC165 Test Fail!");
  32   1      //              LCD1602_ShowString(1,2,"Rev Data is:");
  33   1      //              LCD1602_ShowNum(13,2,temp,3);
  34   1      //      }
  35   1              
  36   1      }
  37          uchar HC165_GetData(void)
  38          {
  39   1              uchar i,result=0;
  40   1              HC165_CLK=1;
  41   1              HC165_PL=0;//读取并口数据
  42   1              HC165_PL=1;
  43   1              
  44   1              if(HC165_SO)result|=1;
  45   1              
  46   1              for(i=0;i<7;i++)
  47   1              {
  48   2                      HC165_CLK=0;
  49   2                      HC165_CLK=1;//时钟脉冲
  50   2                      
  51   2                      result=result<<1;
  52   2                      if(HC165_SO)result|=1;  
  53   2              }
  54   1              return result;
C51 COMPILER V9.00   HC165                                                                 08/30/2015 19:47:01 PAGE 2   

  55   1      }


MODULE INFORMATION:   STATIC OVERLAYABLE
   CODE SIZE        =     97    ----
   CONSTANT SIZE    =     47    ----
   XDATA SIZE       =   ----    ----
   PDATA SIZE       =   ----       1
   DATA SIZE        =   ----    ----
   IDATA SIZE       =   ----    ----
   BIT SIZE         =   ----    ----
END OF MODULE INFORMATION.


C51 COMPILATION COMPLETE.  0 WARNING(S),  0 ERROR(S)
