C51 COMPILER V9.00   MAIN                                                                  08/30/2015 19:47:01 PAGE 1   


C51 COMPILER V9.00, COMPILATION OF MODULE MAIN
OBJECT MODULE PLACED IN ..\Obj\main.obj
COMPILER INVOKED BY: D:\Keil\C51\BIN\C51.EXE main.c COMPACT BROWSE INCDIR(..\src;..\User) DEBUG OBJECTEXTEND PRINT(..\Ob
                    -j\main.lst) OBJECT(..\Obj\main.obj)

line level    source

   1          #include "includes.h"
   2          
   3          
   4          void main(void)
   5          {
   6   1      
   7   1              NRF24L01_Init();
   8   1              //NRF24L01_Test();
   9   1              
  10   1              //Uart_Init(9600);
  11   1              
  12   1              //LCD1602_Init();
  13   1      
  14   1              //LCD1602_Test();
  15   1      
  16   1              //MPU6050_Init();
  17   1              
  18   1              OLED_Init();
  19   1      
  20   1      
  21   1      
  22   1              NRF24L01_Test();
  23   1      
  24   1              
  25   1              while(1)
  26   1              {
  27   2                      
  28   2              }
  29   1      }


MODULE INFORMATION:   STATIC OVERLAYABLE
   CODE SIZE        =     11    ----
   CONSTANT SIZE    =   ----    ----
   XDATA SIZE       =   ----    ----
   PDATA SIZE       =   ----    ----
   DATA SIZE        =   ----    ----
   IDATA SIZE       =   ----    ----
   BIT SIZE         =   ----    ----
END OF MODULE INFORMATION.


C51 COMPILATION COMPLETE.  0 WARNING(S),  0 ERROR(S)
