C51 COMPILER V9.00   MYSPI                                                                 08/30/2015 19:47:01 PAGE 1   


C51 COMPILER V9.00, COMPILATION OF MODULE MYSPI
OBJECT MODULE PLACED IN ..\Obj\mySPI.obj
COMPILER INVOKED BY: D:\Keil\C51\BIN\C51.EXE ..\src\mySPI.c COMPACT BROWSE INCDIR(..\src;..\User) DEBUG OBJECTEXTEND PRI
                    -NT(..\Obj\mySPI.lst) OBJECT(..\Obj\mySPI.obj)

line level    source

   1          #include "myspi.h"
   2          
   3          uchar SPI_ReadWriteByte1(uchar dat)             //mode3   空闲模式sck=1 CPOL=1 数据采样从第二个时钟边沿开始 CPHA=1
   4          {
   5   1              uchar i,val=0;
   6   1              for(i=0;i<8;i++)
   7   1              {
   8   2                      SPI_MOSI=0;
   9   2                      if(dat&0x80)SPI_MOSI=1;//发送数，高位在前
  10   2                      dat=dat<<1;
  11   2                      SPI_CLK=0;//
  12   2                      
  13   2                      dat|=SPI_MISO;
  14   2                      SPI_CLK=1;      
  15   2              }
  16   1              return dat;
  17   1      }
  18          
  19          
  20          
  21          uchar SPI_ReadWriteByte(uchar dat)       //mode0  空闲模式sck=0 CPOL=0 数据采样从第一个时钟边沿开始 CPHA=0
  22          {
  23   1              uchar i,val=0;
  24   1              for(i=0;i<8;i++)
  25   1              {
  26   2                      SPI_MOSI=0;
  27   2                      if(dat&0x80)SPI_MOSI=1;//发送数，高位在前
  28   2                      dat=dat<<1;
  29   2                      SPI_CLK=1;//
  30   2                      
  31   2                      dat|=SPI_MISO;
  32   2                      SPI_CLK=0;      
  33   2              }
  34   1              return dat;
  35   1      }


MODULE INFORMATION:   STATIC OVERLAYABLE
   CODE SIZE        =     66    ----
   CONSTANT SIZE    =   ----    ----
   XDATA SIZE       =   ----    ----
   PDATA SIZE       =   ----       2
   DATA SIZE        =   ----    ----
   IDATA SIZE       =   ----    ----
   BIT SIZE         =   ----    ----
END OF MODULE INFORMATION.


C51 COMPILATION COMPLETE.  0 WARNING(S),  0 ERROR(S)
