C51 COMPILER V9.00   UART                                                                  08/30/2015 19:47:02 PAGE 1   


C51 COMPILER V9.00, COMPILATION OF MODULE UART
OBJECT MODULE PLACED IN ..\Obj\uart.obj
COMPILER INVOKED BY: D:\Keil\C51\BIN\C51.EXE ..\src\uart.c COMPACT BROWSE INCDIR(..\src;..\User) DEBUG OBJECTEXTEND PRIN
                    -T(..\Obj\uart.lst) OBJECT(..\Obj\uart.obj)

line level    source

   1          #include "uart.h"
   2          
   3          void Uart_Init(short bound)
   4          {
   5   1              EA=1;//开总中断
   6   1              
   7   1              SCON=0x50;//设置工作方式为8位波特率可变
   8   1              PCON=0x80;//波特率加倍
   9   1              TMOD=0x20;//定时器1工作模式8位自动重装
  10   1              TH1=TL1=256-(57600/bound);//溢出率=Sysclk/12/(256-TH1) 波特率=（2/32）x 溢出率
  11   1              
  12   1              ES=1;//开串口中断
  13   1              //ET1=1;//开定时器中断
  14   1              TR1=1;//启动定时器
  15   1              
  16   1              
  17   1              //STC12C单片机
  18   1              //独立波特率发生器
  19   1              //BRT=256-(750000/bound);                                  //溢出率=Sysclk/(256-BRT) 波特率=（2/32）x 溢出率    //12M 750000
  20   1              //SCON=0x50;//设置工作方式为8位波特率可变
  21   1              //PCON=0x80;//波特率加倍
  22   1              //AUXR=0x15;//使用独立波特兰发生器，每一个时钟计数一次
  23   1      }
  24          
  25          void Uart(void) interrupt 4
  26          {
  27   1              uchar temp;
  28   1              if(RI==1)
  29   1              {       
  30   2                      RI=0;
  31   2                      temp=SBUF;
  32   2                      UartSentChar(temp);
  33   2                      //UartSendStr("test");
  34   2                      
  35   2              }
  36   1      }
  37          
  38          
  39          void UartSentChar(uchar ch)
  40          {
  41   1              SBUF=ch; //发送数据
  42   1              while(!TI);//等待发送完毕
  43   1              TI=0;
  44   1      }
  45          
  46          void UartSendStr(uchar *ch)
  47          {
  48   1              while(*ch)
  49   1              {
  50   2                      UartSentChar(*ch);
  51   2                      ch++;
  52   2              }       
  53   1      }
  54          
C51 COMPILER V9.00   UART                                                                  08/30/2015 19:47:02 PAGE 2   

  55          void Uart_SendNum(int num)               //数字发送函数
  56          { 
  57   1        uchar ch[8] = {0};
  58   1        
  59   1        if(num < 0)
  60   1        {
  61   2          ch[0] = '-';
  62   2          num = -num;
  63   2        }
  64   1        else
  65   1          ch[0] = ' ';
  66   1        
  67   1        ch[1] = num / 100000 + '0';
  68   1        ch[2] = num % 100000 / 10000 + '0';
  69   1        ch[3] = num % 10000 /1000 + '0';
  70   1        ch[4] = num % 1000 / 100 + '0';
  71   1        ch[5] = num % 100 / 10 + '0';
  72   1        ch[6] = num % 10 + '0';
  73   1      
  74   1        UartSendStr(ch);
  75   1        UartSendStr("  ");
  76   1       //for(i=0;i<7;i++)
  77   1      //      UartSendChar(ch[i]);
  78   1      }
  79          


MODULE INFORMATION:   STATIC OVERLAYABLE
   CODE SIZE        =    412    ----
   CONSTANT SIZE    =     11    ----
   XDATA SIZE       =   ----    ----
   PDATA SIZE       =   ----      10
   DATA SIZE        =   ----    ----
   IDATA SIZE       =   ----    ----
   BIT SIZE         =   ----    ----
END OF MODULE INFORMATION.


C51 COMPILATION COMPLETE.  0 WARNING(S),  0 ERROR(S)
