C51 COMPILER V9.01   TIMER_INTERRUPT0                                                      07/12/2015 10:30:27 PAGE 1   


C51 COMPILER V9.01, COMPILATION OF MODULE TIMER_INTERRUPT0
OBJECT MODULE PLACED IN Timer_Interrupt0.OBJ
COMPILER INVOKED BY: D:\Keil\C51\BIN\C51.EXE Timer_Interrupt0.c BROWSE DEBUG OBJECTEXTEND

line level    source

   1          /**************************************************
   2          
   3                          使用定时器中断0，来实现LED的闪烁效果
   4          
   5          ***************************************************/
   6          
   7          #include <reg52.h>
   8          
   9          unsigned char Count;
  10          
  11          /*************************************************
  12          
  13                                  定时器0初始化函数
  14          
  15          **************************************************/
  16          void Timer0_Init()
  17          {
  18   1              TMOD = 0x01;                       // 设置定时器0的工作方式
  19   1              TH0 = (65536 - 50000)/256;  // 对寄存器装入初值，高八位
  20   1              TL0 = (65536 - 50000)%256;  // 低八位
  21   1              ET0 = 1;                                   // 开启定时器0中断
  22   1              TR0 = 1;                                   // 启动定时器0
  23   1              EA = 1;                                    // 开总中断
  24   1      }
  25          
  26          
  27          
  28          /**************************************************
  29          
  30                                          主函数
  31          
  32          ***************************************************/
  33          
  34          void main()
  35          {
  36   1              Timer0_Init();     // 初始化定时器
  37   1              while(1);                  // 等待中断的发生
  38   1      }
  39          
  40          
  41          /**************************************************
  42          
  43                                     定时器0中断服务程序
  44          
  45          ***************************************************/
  46          
  47          void Timer0() interrupt 1
  48          {
  49   1              TH0 = (65536 - 50000)/256;  // 对寄存器装入初值，高八位
  50   1              TL0 = (65536 - 50000)%256;  // 低八位
  51   1      
  52   1              Count++;
  53   1              if(Count >= 20)
  54   1              {
  55   2                      Count = 0;
C51 COMPILER V9.01   TIMER_INTERRUPT0                                                      07/12/2015 10:30:27 PAGE 2   

  56   2                      P0 = ~P0;
  57   2              }
  58   1      
  59   1      }
  60          
  61          
  62          
  63          
  64          


MODULE INFORMATION:   STATIC OVERLAYABLE
   CODE SIZE        =     51    ----
   CONSTANT SIZE    =   ----    ----
   XDATA SIZE       =   ----    ----
   PDATA SIZE       =   ----    ----
   DATA SIZE        =      1    ----
   IDATA SIZE       =   ----    ----
   BIT SIZE         =   ----    ----
END OF MODULE INFORMATION.


C51 COMPILATION COMPLETE.  0 WARNING(S),  0 ERROR(S)
