C51 COMPILER V9.00   MAIN                                                                  01/22/2016 16:53:52 PAGE 1   


C51 COMPILER V9.00, COMPILATION OF MODULE MAIN
OBJECT MODULE PLACED IN ..\Obj\main.obj
COMPILER INVOKED BY: D:\Keil\C51\BIN\C51.EXE main.c COMPACT BROWSE INCDIR(..\src;..\User) DEBUG OBJECTEXTEND PRINT(..\Ob
                    -j\main.lst) TABS(2) OBJECT(..\Obj\main.obj)

line level    source

   1          /********************************************************
   2          
   3                      Flash实验
   4                      
   5              将"Beyonday studio"写入芯片W25Q64的指定位置，
   6              同时从指定位置读取出来，并在OLED上面显示
   7              
   8          ********************************************************/
   9          
  10          
  11          #include "includes.h"
  12          
  13          uchar temp;
  14          
  15          void Serial_Port_Init()
  16          {
  17   1        TMOD = 0x20;     // 设定T1定时器的工作方式2
  18   1        TH1 = 0xfd;      // T1定时器装初值
  19   1        TL1 = 0xfd;      //
  20   1        TR1 = 1;       // 启动T1定时器
  21   1        SM0 = 0;       // 设定串口工作方式1
  22   1        SM1 = 1;       // 
  23   1        REN = 1;       // 允许串口接收
  24   1        ES = 1;        // 开串口中断
  25   1        EA = 1;        // 开总中断
  26   1      
  27   1      }
  28          
  29          void main(void)
  30          {
  31   1      
  32   1        uchar aaa[]="Beyonday studio";
  33   1        uchar bbb[18] = {0x00};
  34   1        uchar SIZE = sizeof(aaa);
  35   1      
  36   1        SPI_CLK=0;
  37   1        
  38   1        OLED_Init();
  39   1      
  40   1      //  SPI_Flash_Write_Page(aaa,8*1024*1024-450,SIZE);
  41   1      //  Delay_ms(1000);
  42   1        SPI_Flash_Read(bbb,8*1024*1024-450,SIZE)  ;
  43   1        Delay_ms(1000);
  44   1        Show_f8x16str(0,0,bbb);
  45   1        
  46   1        while(1)
  47   1        {
  48   2          
  49   2        }
  50   1      }
  51          
  52          void serail() interrupt 4
  53          {
  54   1        RI = 0;       //清中断标志位
C51 COMPILER V9.00   MAIN                                                                  01/22/2016 16:53:52 PAGE 2   

  55   1        temp = SBUF;    //接收到的数据存入temp
  56   1      //  flag = 1;     //flag标志位置1
  57   1      
  58   1      }


MODULE INFORMATION:   STATIC OVERLAYABLE
   CODE SIZE        =    138    ----
   CONSTANT SIZE    =     34    ----
   XDATA SIZE       =   ----    ----
   PDATA SIZE       =      1      35
   DATA SIZE        =   ----    ----
   IDATA SIZE       =   ----    ----
   BIT SIZE         =   ----    ----
END OF MODULE INFORMATION.


C51 COMPILATION COMPLETE.  0 WARNING(S),  0 ERROR(S)
