C51 COMPILER V9.01   DIGITAL_TUBE                                                          07/12/2015 01:16:29 PAGE 1   


C51 COMPILER V9.01, COMPILATION OF MODULE DIGITAL_TUBE
OBJECT MODULE PLACED IN Digital_Tube.OBJ
COMPILER INVOKED BY: D:\Keil\C51\BIN\C51.EXE Digital_Tube.c BROWSE DEBUG OBJECTEXTEND

line level    source

   1          /**************************************************
   2          
   3           按键调节数码管数字显示
   4          
   5           接线方法：单片机P0口接DIGJP，P1口接U11JP1
   6          
   7          
   8          ***************************************************/
   9          
  10          #include <reg52.h>
  11          
  12          #define uchar unsigned char
  13          
  14          //此表为 LED 的字模, 共阴数码管 0-9  - 
  15          uchar code Disp_Tab[] = {0x3F, 0x06, 0x5B, 0x4F, 0x66, 0x6D, 0x7D, 0x07, 0x7F, 0x6F, 0x77, 0x7C, 0x39, 0x5
             -E, 0x79, 0x71};  //段码控制
  16          
  17          //此表为8个数码管位选控制, 共阴数码管 1-8个  - 
  18          uchar code Disp_Bit[] = {0xfe, 0xfd, 0xfb, 0xf7, 0xef, 0xdF, 0xbF, 0x7F};    //位选控制   查表的方法控制
  19          
  20          uchar LED_Out[8] = {0x00};
  21          uchar KeyPort;
  22          
  23          void display();
  24          
  25          /***********************************************
  26          
  27                     延时函数    延时时间大致为n毫秒
  28          
  29          ************************************************/
  30          void delay_nms(int n)
  31          {
  32   1              int i, j;
  33   1              for(i = 0; i < n; i++)
  34   1              {
  35   2                      for(j = 0; j < 110; j++) ;
  36   2              }       
  37   1      }
  38          
  39          /***********************************************
  40          
  41                    主函数
  42          
  43          ***********************************************/
  44          void main()
  45          {
  46   1      //      uchar Bit;               //定义变量位
  47   1      
  48   1              int Num_High , Num_Low;  //定义数字的高四位和低四位
  49   1              
  50   1              Num_High = 0;
  51   1              Num_Low = 0;
  52   1      
  53   1              while(1)
  54   1              {
C51 COMPILER V9.01   DIGITAL_TUBE                                                          07/12/2015 01:16:29 PAGE 2   

  55   2                      
  56   2      
  57   2                      if(Num_Low >= 10000)
  58   2                      {
  59   3                              Num_High++;
  60   3                              Num_Low %= 1000;
  61   3                      }
  62   2      
  63   2                      LED_Out[0] = Num_Low%10;
  64   2                      LED_Out[1] = Num_Low/10%10;
  65   2                      LED_Out[2] = Num_Low/100%10;
  66   2                      LED_Out[3] = Num_Low/1000%10;
  67   2      
  68   2                      LED_Out[4] = Num_High%10;
  69   2                      LED_Out[5] = Num_High/10%10;
  70   2                      LED_Out[6] = Num_High/100%10;
  71   2                      LED_Out[7] = Num_High/1000%10;
  72   2      
  73   2                      KeyPort = P2;
  74   2                      
  75   2                      while(P2 != 0xff)
  76   2                      {
  77   3                              display();
  78   3                      }               
  79   2      
  80   2                      switch(KeyPort)
  81   2                      {
  82   3                              case 0xfe: Num_Low += 1;    break;
  83   3                              case 0xfd: Num_Low += 10;   break;
  84   3                              case 0xfb: Num_Low += 100;  break;
  85   3                              case 0xf7: Num_Low += 1000; break;
  86   3                              
  87   3                              case 0xef: Num_Low -= 1;    break;
  88   3                              case 0xdf: Num_Low -= 10;   break;
  89   3                              case 0xbf: Num_Low -= 100;  break;
  90   3                              case 0x7f: Num_Low -= 1000; break; 
  91   3                      }
  92   2                      
  93   2                      display();              
  94   2      //              //从第一位数码管开始，逐个显示
  95   2      //              for(Bit = 0; Bit < 8; Bit++)      
  96   2      //              {
  97   2      //                      P0 = Disp_Bit[Bit];
  98   2      //                      P1 = Disp_Tab[LED_Out[8-Bit]];
  99   2      //                      delay_nms(1);
 100   2      //              }
 101   2              }
 102   1      }
 103          
 104          
 105          void display()
 106          {
 107   1              uchar Bit;               //定义变量位
 108   1      
 109   1              //从第一位数码管开始，逐个显示
 110   1              for(Bit = 0; Bit < 8; Bit++)      
 111   1              {
 112   2                      P0 = Disp_Bit[Bit];
 113   2                      P1 = Disp_Tab[LED_Out[7-Bit]];
 114   2                      delay_nms(1);
 115   2              }
 116   1      }
C51 COMPILER V9.01   DIGITAL_TUBE                                                          07/12/2015 01:16:29 PAGE 3   

 117          
 118          
 119          


MODULE INFORMATION:   STATIC OVERLAYABLE
   CODE SIZE        =    391    ----
   CONSTANT SIZE    =     24    ----
   XDATA SIZE       =   ----    ----
   PDATA SIZE       =   ----    ----
   DATA SIZE        =      9       4
   IDATA SIZE       =   ----    ----
   BIT SIZE         =   ----    ----
END OF MODULE INFORMATION.


C51 COMPILATION COMPLETE.  0 WARNING(S),  0 ERROR(S)
