C51 COMPILER V9.01   DIGITAL_TUBE                                                          07/11/2015 13:29:39 PAGE 1   


C51 COMPILER V9.01, COMPILATION OF MODULE DIGITAL_TUBE
OBJECT MODULE PLACED IN Digital_Tube.OBJ
COMPILER INVOKED BY: D:\Keil\C51\BIN\C51.EXE Digital_Tube.c BROWSE DEBUG OBJECTEXTEND

line level    source

   1          
   2          
   3          
   4          
   5          #include <reg52.h>
   6          
   7          #define uchar unsigned char
   8          
   9          uchar code table[] = {0x3F, 0x06, 0x5B, 0x4F, 0x66, 0x6D, 0x7D, 0x07, 0x7F, 0x6F, 0x77, 0x7C, 0x39, 0x5E, 
             -0x79, 0x71};
  10          
  11          void delay()
  12          {
  13   1              int i, j;
  14   1              for(i = 0; i < 200; i++)
  15   1              {
  16   2                      for(j = 0; j < 110; j++) ;
  17   2              }
  18   1      }
  19          
  20          void main()
  21          {
  22   1              uchar NumVal = 0;
  23   1              while(1)
  24   1              {
  25   2                      for(NumVal = 0; NumVal < 8; NumVal++)
  26   2                      {
  27   3                              P1 = table[NumVal];
  28   3                              delay();
  29   3                      }
  30   2              }
  31   1      }
  32          
  33          
  34          


MODULE INFORMATION:   STATIC OVERLAYABLE
   CODE SIZE        =     47    ----
   CONSTANT SIZE    =     16    ----
   XDATA SIZE       =   ----    ----
   PDATA SIZE       =   ----    ----
   DATA SIZE        =   ----    ----
   IDATA SIZE       =   ----    ----
   BIT SIZE         =   ----    ----
END OF MODULE INFORMATION.


C51 COMPILATION COMPLETE.  0 WARNING(S),  0 ERROR(S)
