C51 COMPILER V9.01   SERIAL_PORT                                                           07/12/2015 15:09:22 PAGE 1   


C51 COMPILER V9.01, COMPILATION OF MODULE SERIAL_PORT
OBJECT MODULE PLACED IN Serial_Port.OBJ
COMPILER INVOKED BY: D:\Keil\C51\BIN\C51.EXE Serial_Port.c BROWSE DEBUG OBJECTEXTEND

line level    source

   1          /***************************************************
   2          
   3                          单片机向电脑发送数据
   4          
   5          
   6          ****************************************************/
   7          
   8          #include <reg52.h>
   9          
  10          #define uchar unsigned char
  11          
  12          uchar code MESSAGE_TEST[] = " 百越创科工作室   UART Testing \n"; 
  13          
  14          void delay_nms(int n)
  15          {
  16   1              int i, j;
  17   1              for(i = 0; i < n; i++)
  18   1              {
  19   2                      for(j = 0; j < 110; j++) ;
  20   2              }
  21   1      }
  22          
  23          
  24          void Serial_Port_Init()
  25          {
  26   1              TMOD = 0x20;       // 设定T1定时器的工作方式2
  27   1              TH1 = 0xfd;                // T1定时器装初值
  28   1              TL1 = 0xfd;                //
  29   1              TR1 = 1;                   // 启动T1定时器
  30   1              SM0 = 0;                   // 设定串口工作方式1
  31   1              SM1 = 1;                   // 
  32   1              REN = 1;                   // 允许串口接收
  33   1              ES = 1;                    // 开串口中断
  34   1              EA = 1;                    // 开总中断
  35   1      
  36   1      }
  37          
  38          void main()
  39          {
  40   1              int a = 0;
  41   1              Serial_Port_Init();
  42   1      
  43   1              while(1)
  44   1              {
  45   2                      a = 0;
  46   2                      while(MESSAGE_TEST[a] != '\0')
  47   2                      {
  48   3                              SBUF = MESSAGE_TEST[a]; //SUBF接受/发送缓冲器(又叫串行通信特殊功能寄存器)
  49   3                      while(!TI);                             // 等特数据传送 (TI发送中断标志)
  50   3                              TI = 0;                                 // 清除数据传送标志
  51   3                                                      
  52   3                              a++;                                    // 下一个字符
  53   3      //                      delay_nms(3);
  54   3                              
  55   3                      }
C51 COMPILER V9.01   SERIAL_PORT                                                           07/12/2015 15:09:22 PAGE 2   

  56   2                      delay_nms(1000);
  57   2              }
  58   1              
  59   1      }
  60          


MODULE INFORMATION:   STATIC OVERLAYABLE
   CODE SIZE        =    115    ----
   CONSTANT SIZE    =     33    ----
   XDATA SIZE       =   ----    ----
   PDATA SIZE       =   ----    ----
   DATA SIZE        =   ----       2
   IDATA SIZE       =   ----    ----
   BIT SIZE         =   ----    ----
END OF MODULE INFORMATION.


C51 COMPILATION COMPLETE.  0 WARNING(S),  0 ERROR(S)
