C51 COMPILER V9.01   BEEP                                                                  07/11/2015 01:59:19 PAGE 1   


C51 COMPILER V9.01, COMPILATION OF MODULE BEEP
OBJECT MODULE PLACED IN Beep.OBJ
COMPILER INVOKED BY: D:\Keil\C51\BIN\C51.EXE Beep.c BROWSE DEBUG OBJECTEXTEND

line level    source

   1          
   2          
   3          
   4          #include <reg52.h>
   5          
   6          sbit BEEP = P1^0;
   7          
   8          void main()
   9          {
  10   1              while(1)
  11   1              {
  12   2                      BEEP = 1;               
  13   2              }
  14   1      }


MODULE INFORMATION:   STATIC OVERLAYABLE
   CODE SIZE        =      4    ----
   CONSTANT SIZE    =   ----    ----
   XDATA SIZE       =   ----    ----
   PDATA SIZE       =   ----    ----
   DATA SIZE        =   ----    ----
   IDATA SIZE       =   ----    ----
   BIT SIZE         =   ----    ----
END OF MODULE INFORMATION.


C51 COMPILATION COMPLETE.  0 WARNING(S),  0 ERROR(S)
