C51 COMPILER V9.00   MAIN                                                                  08/30/2015 16:59:39 PAGE 1   


C51 COMPILER V9.00, COMPILATION OF MODULE MAIN
OBJECT MODULE PLACED IN main.OBJ
COMPILER INVOKED BY: D:\Keil\C51\BIN\C51.EXE main.c COMPACT BROWSE DEBUG OBJECTEXTEND

line level    source

   1          /********************************************************
   2          
   3                                                          EEPROM实验
   4                                                          
   5                  向24C02中存入"Beyonday",同时读取出来并用LCD1602显示
   6                          
   7          ********************************************************/
   8          
   9          #include <reg52.h>
  10          #include "2402.h"
  11          #include "I2C.h"
  12          #include "LCD1602.h"
  13          
  14          #define  AT24C02 0xa0  //AT24C02 地址
  15          
  16          
  17          /***********************************************
  18          
  19                     延时函数    延时时间大致为n毫秒
  20          
  21          ************************************************/
  22          void delay_nms(int n)
  23          {
  24   1              int i, j;
  25   1              for(i = 0; i < n; i++)
  26   1              {
  27   2                      for(j = 0; j < 110; j++) ;
  28   2              }       
  29   1      }
  30           
  31          
  32          void main()
  33          {
  34   1              uchar pDat[] = "Beyonday";
  35   1              uchar Dat[11] ="";
  36   1      
  37   1              Lcd1602_Init();                                   // 将液晶初始化
  38   1      
  39   1              ISendStr(AT24C02, 0, &pDat[0], 11);   // 向AT24C02中写入数据pDat[]
  40   1              delay_nms(100);                                           // 延时
  41   1              IRcvStr(AT24C02, 0, &Dat[0], 11);         // 将AT24C02中的数据读取出来保存在Dat[]数组中
  42   1              delay_nms(100);                                           // 延时
  43   1      
  44   1              WriteAddress(0x00); 
  45   1              WriteString(Dat);                                         //将读出来的数据用液晶显示
  46   1      
  47   1              while(1)                                                          //死循环
  48   1              {
  49   2              
  50   2              }
  51   1      }
  52          
  53          
  54          
  55          
C51 COMPILER V9.00   MAIN                                                                  08/30/2015 16:59:39 PAGE 2   

  56          
  57          


MODULE INFORMATION:   STATIC OVERLAYABLE
   CODE SIZE        =    145    ----
   CONSTANT SIZE    =     20    ----
   XDATA SIZE       =   ----    ----
   PDATA SIZE       =   ----      20
   DATA SIZE        =   ----    ----
   IDATA SIZE       =   ----    ----
   BIT SIZE         =   ----    ----
END OF MODULE INFORMATION.


C51 COMPILATION COMPLETE.  0 WARNING(S),  0 ERROR(S)
